/home/labpc1/dflqp_unicycle_ws/install/controllers/lib/python3.12/site-packages/controllers/__init__.py
/home/labpc1/dflqp_unicycle_ws/install/controllers/lib/python3.12/site-packages/controllers/dfl_qp_tracking_node.py
/home/labpc1/dflqp_unicycle_ws/install/controllers/lib/python3.12/site-packages/controllers/fblqp_controller_PP_node.py
/home/labpc1/dflqp_unicycle_ws/install/controllers/lib/python3.12/site-packages/controllers/tfbl_controller_node.py
/home/labpc1/dflqp_unicycle_ws/install/controllers/lib/python3.12/site-packages/controllers/std_dfl_tracking_node.py
/home/labpc1/dflqp_unicycle_ws/install/controllers/lib/python3.12/site-packages/controllers/fblqp_controller_node.py
/home/labpc1/dflqp_unicycle_ws/install/controllers/lib/python3.12/site-packages/controllers/__pycache__/__init__.cpython-312.pyc
/home/labpc1/dflqp_unicycle_ws/install/controllers/lib/python3.12/site-packages/controllers/__pycache__/dfl_qp_tracking_node.cpython-312.pyc
/home/labpc1/dflqp_unicycle_ws/install/controllers/lib/python3.12/site-packages/controllers/__pycache__/fblqp_controller_PP_node.cpython-312.pyc
/home/labpc1/dflqp_unicycle_ws/install/controllers/lib/python3.12/site-packages/controllers/__pycache__/tfbl_controller_node.cpython-312.pyc
/home/labpc1/dflqp_unicycle_ws/install/controllers/lib/python3.12/site-packages/controllers/__pycache__/std_dfl_tracking_node.cpython-312.pyc
/home/labpc1/dflqp_unicycle_ws/install/controllers/lib/python3.12/site-packages/controllers/__pycache__/fblqp_controller_node.cpython-312.pyc
/home/labpc1/dflqp_unicycle_ws/install/controllers/share/ament_index/resource_index/packages/controllers
/home/labpc1/dflqp_unicycle_ws/install/controllers/share/controllers/package.xml
/home/labpc1/dflqp_unicycle_ws/install/controllers/lib/python3.12/site-packages/controllers-0.0.0-py3.12.egg-info/zip-safe
/home/labpc1/dflqp_unicycle_ws/install/controllers/lib/python3.12/site-packages/controllers-0.0.0-py3.12.egg-info/dependency_links.txt
/home/labpc1/dflqp_unicycle_ws/install/controllers/lib/python3.12/site-packages/controllers-0.0.0-py3.12.egg-info/top_level.txt
/home/labpc1/dflqp_unicycle_ws/install/controllers/lib/python3.12/site-packages/controllers-0.0.0-py3.12.egg-info/entry_points.txt
/home/labpc1/dflqp_unicycle_ws/install/controllers/lib/python3.12/site-packages/controllers-0.0.0-py3.12.egg-info/SOURCES.txt
/home/labpc1/dflqp_unicycle_ws/install/controllers/lib/python3.12/site-packages/controllers-0.0.0-py3.12.egg-info/PKG-INFO
/home/labpc1/dflqp_unicycle_ws/install/controllers/lib/python3.12/site-packages/controllers-0.0.0-py3.12.egg-info/requires.txt
/home/labpc1/dflqp_unicycle_ws/install/controllers/lib/controllers/dfl_qp_tracking
/home/labpc1/dflqp_unicycle_ws/install/controllers/lib/controllers/fblqp_controller
/home/labpc1/dflqp_unicycle_ws/install/controllers/lib/controllers/fblqp_controller_PP
/home/labpc1/dflqp_unicycle_ws/install/controllers/lib/controllers/std_dfl_tracking
/home/labpc1/dflqp_unicycle_ws/install/controllers/lib/controllers/tfbl_controller
