[0.146s] Invoking command in '/home/labpc1/dflqp_unicycle_ws/build/my_robot_description': CMAKE_PREFIX_PATH=${CMAKE_PREFIX_PATH}:/opt/ros/jazzy CONDA_PROMPT_MODIFIER=(base) DEBUGINFOD_URLS=https://debuginfod.ubuntu.com /usr/bin/cmake /home/labpc1/dflqp_unicycle_ws/src/my_robot_description -DCMAKE_INSTALL_PREFIX=/home/labpc1/dflqp_unicycle_ws/install/my_robot_description
[0.181s] -- The C compiler identification is GNU 13.3.0
[0.219s] -- The CXX compiler identification is GNU 13.3.0
[0.230s] -- Detecting C compiler ABI info
[0.289s] -- Detecting C compiler ABI info - done
[0.296s] -- Check for working C compiler: /usr/bin/cc - skipped
[0.296s] -- Detecting C compile features
[0.296s] -- Detecting C compile features - done
[0.302s] -- Detecting CXX compiler ABI info
[0.369s] -- Detecting CXX compiler ABI info - done
[0.376s] -- Check for working CXX compiler: /usr/bin/c++ - skipped
[0.376s] -- Detecting CXX compile features
[0.376s] -- Detecting CXX compile features - done
[0.378s] -- Found ament_cmake: 2.5.4 (/opt/ros/jazzy/share/ament_cmake/cmake)
[0.498s] -- Found Python3: /home/labpc1/miniconda3/bin/python3 (found version "3.13.2") found components: Interpreter 
[0.668s] -- Configuring done (0.5s)
[0.670s] -- Generating done (0.0s)
[0.671s] -- Build files have been written to: /home/labpc1/dflqp_unicycle_ws/build/my_robot_description
[0.674s] Invoked command in '/home/labpc1/dflqp_unicycle_ws/build/my_robot_description' returned '0': CMAKE_PREFIX_PATH=${CMAKE_PREFIX_PATH}:/opt/ros/jazzy CONDA_PROMPT_MODIFIER=(base) DEBUGINFOD_URLS=https://debuginfod.ubuntu.com /usr/bin/cmake /home/labpc1/dflqp_unicycle_ws/src/my_robot_description -DCMAKE_INSTALL_PREFIX=/home/labpc1/dflqp_unicycle_ws/install/my_robot_description
[0.675s] Invoking command in '/home/labpc1/dflqp_unicycle_ws/build/my_robot_description': CMAKE_PREFIX_PATH=${CMAKE_PREFIX_PATH}:/opt/ros/jazzy CONDA_PROMPT_MODIFIER=(base) DEBUGINFOD_URLS=https://debuginfod.ubuntu.com /usr/bin/cmake --build /home/labpc1/dflqp_unicycle_ws/build/my_robot_description -- -j16 -l16
[0.711s] Invoked command in '/home/labpc1/dflqp_unicycle_ws/build/my_robot_description' returned '0': CMAKE_PREFIX_PATH=${CMAKE_PREFIX_PATH}:/opt/ros/jazzy CONDA_PROMPT_MODIFIER=(base) DEBUGINFOD_URLS=https://debuginfod.ubuntu.com /usr/bin/cmake --build /home/labpc1/dflqp_unicycle_ws/build/my_robot_description -- -j16 -l16
[0.712s] Invoking command in '/home/labpc1/dflqp_unicycle_ws/build/my_robot_description': CMAKE_PREFIX_PATH=${CMAKE_PREFIX_PATH}:/opt/ros/jazzy CONDA_PROMPT_MODIFIER=(base) DEBUGINFOD_URLS=https://debuginfod.ubuntu.com /usr/bin/cmake --install /home/labpc1/dflqp_unicycle_ws/build/my_robot_description
[0.717s] -- Install configuration: ""
[0.718s] -- Installing: /home/labpc1/dflqp_unicycle_ws/install/my_robot_description/share/my_robot_description//urdf
[0.718s] -- Installing: /home/labpc1/dflqp_unicycle_ws/install/my_robot_description/share/my_robot_description//urdf/my_robot.urdf.xacro
[0.718s] -- Installing: /home/labpc1/dflqp_unicycle_ws/install/my_robot_description/share/my_robot_description//urdf/mobile_base.xacro
[0.718s] -- Installing: /home/labpc1/dflqp_unicycle_ws/install/my_robot_description/share/my_robot_description//urdf/common_properties.xacro
[0.718s] -- Installing: /home/labpc1/dflqp_unicycle_ws/install/my_robot_description/share/my_robot_description//urdf/mobile_base_gazebo.xacro
[0.718s] -- Installing: /home/labpc1/dflqp_unicycle_ws/install/my_robot_description/share/my_robot_description//launch
[0.718s] -- Installing: /home/labpc1/dflqp_unicycle_ws/install/my_robot_description/share/my_robot_description//launch/display.launch.xml
[0.718s] -- Installing: /home/labpc1/dflqp_unicycle_ws/install/my_robot_description/share/my_robot_description//launch/display.launch.py
[0.718s] -- Installing: /home/labpc1/dflqp_unicycle_ws/install/my_robot_description/share/my_robot_description//rviz
[0.718s] -- Installing: /home/labpc1/dflqp_unicycle_ws/install/my_robot_description/share/my_robot_description//rviz/my_robot.rviz
[0.718s] -- Installing: /home/labpc1/dflqp_unicycle_ws/install/my_robot_description/share/my_robot_description//meshes
[0.718s] -- Installing: /home/labpc1/dflqp_unicycle_ws/install/my_robot_description/share/my_robot_description//meshes/sensors
[0.718s] -- Installing: /home/labpc1/dflqp_unicycle_ws/install/my_robot_description/share/my_robot_description//meshes/sensors/lds.stl
[0.718s] -- Installing: /home/labpc1/dflqp_unicycle_ws/install/my_robot_description/share/my_robot_description//meshes/sensors/r200.dae
[0.719s] -- Installing: /home/labpc1/dflqp_unicycle_ws/install/my_robot_description/share/my_robot_description//meshes/bases
[0.719s] -- Installing: /home/labpc1/dflqp_unicycle_ws/install/my_robot_description/share/my_robot_description//meshes/bases/waffle_base.stl
[0.727s] -- Installing: /home/labpc1/dflqp_unicycle_ws/install/my_robot_description/share/my_robot_description//meshes/wheels
[0.727s] -- Installing: /home/labpc1/dflqp_unicycle_ws/install/my_robot_description/share/my_robot_description//meshes/wheels/right_tire.stl
[0.728s] -- Installing: /home/labpc1/dflqp_unicycle_ws/install/my_robot_description/share/my_robot_description//meshes/wheels/left_tire.stl
[0.729s] -- Installing: /home/labpc1/dflqp_unicycle_ws/install/my_robot_description/share/ament_index/resource_index/package_run_dependencies/my_robot_description
[0.729s] -- Installing: /home/labpc1/dflqp_unicycle_ws/install/my_robot_description/share/ament_index/resource_index/parent_prefix_path/my_robot_description
[0.729s] -- Installing: /home/labpc1/dflqp_unicycle_ws/install/my_robot_description/share/my_robot_description/environment/ament_prefix_path.sh
[0.729s] -- Installing: /home/labpc1/dflqp_unicycle_ws/install/my_robot_description/share/my_robot_description/environment/ament_prefix_path.dsv
[0.729s] -- Installing: /home/labpc1/dflqp_unicycle_ws/install/my_robot_description/share/my_robot_description/environment/path.sh
[0.729s] -- Installing: /home/labpc1/dflqp_unicycle_ws/install/my_robot_description/share/my_robot_description/environment/path.dsv
[0.729s] -- Installing: /home/labpc1/dflqp_unicycle_ws/install/my_robot_description/share/my_robot_description/local_setup.bash
[0.729s] -- Installing: /home/labpc1/dflqp_unicycle_ws/install/my_robot_description/share/my_robot_description/local_setup.sh
[0.729s] -- Installing: /home/labpc1/dflqp_unicycle_ws/install/my_robot_description/share/my_robot_description/local_setup.zsh
[0.729s] -- Installing: /home/labpc1/dflqp_unicycle_ws/install/my_robot_description/share/my_robot_description/local_setup.dsv
[0.729s] -- Installing: /home/labpc1/dflqp_unicycle_ws/install/my_robot_description/share/my_robot_description/package.dsv
[0.730s] -- Installing: /home/labpc1/dflqp_unicycle_ws/install/my_robot_description/share/ament_index/resource_index/packages/my_robot_description
[0.730s] -- Installing: /home/labpc1/dflqp_unicycle_ws/install/my_robot_description/share/my_robot_description/cmake/my_robot_descriptionConfig.cmake
[0.730s] -- Installing: /home/labpc1/dflqp_unicycle_ws/install/my_robot_description/share/my_robot_description/cmake/my_robot_descriptionConfig-version.cmake
[0.730s] -- Installing: /home/labpc1/dflqp_unicycle_ws/install/my_robot_description/share/my_robot_description/package.xml
[0.732s] Invoked command in '/home/labpc1/dflqp_unicycle_ws/build/my_robot_description' returned '0': CMAKE_PREFIX_PATH=${CMAKE_PREFIX_PATH}:/opt/ros/jazzy CONDA_PROMPT_MODIFIER=(base) DEBUGINFOD_URLS=https://debuginfod.ubuntu.com /usr/bin/cmake --install /home/labpc1/dflqp_unicycle_ws/build/my_robot_description
