[0.173s] Invoking command in '/home/labpc1/dflqp_unicycle_ws/build/my_robot_description': CMAKE_PREFIX_PATH=${CMAKE_PREFIX_PATH}:/home/labpc1/dflqp_unicycle_ws/install/controllers:/opt/ros/jazzy CONDA_PROMPT_MODIFIER=(base) DEBUGINFOD_URLS=https://debuginfod.ubuntu.com /usr/bin/cmake --build /home/labpc1/dflqp_unicycle_ws/build/my_robot_description -- -j16 -l16
[0.212s] Invoked command in '/home/labpc1/dflqp_unicycle_ws/build/my_robot_description' returned '0': CMAKE_PREFIX_PATH=${CMAKE_PREFIX_PATH}:/home/labpc1/dflqp_unicycle_ws/install/controllers:/opt/ros/jazzy CONDA_PROMPT_MODIFIER=(base) DEBUGINFOD_URLS=https://debuginfod.ubuntu.com /usr/bin/cmake --build /home/labpc1/dflqp_unicycle_ws/build/my_robot_description -- -j16 -l16
[0.220s] Invoking command in '/home/labpc1/dflqp_unicycle_ws/build/my_robot_description': CMAKE_PREFIX_PATH=${CMAKE_PREFIX_PATH}:/home/labpc1/dflqp_unicycle_ws/install/controllers:/opt/ros/jazzy CONDA_PROMPT_MODIFIER=(base) DEBUGINFOD_URLS=https://debuginfod.ubuntu.com /usr/bin/cmake --install /home/labpc1/dflqp_unicycle_ws/build/my_robot_description
[0.227s] -- Install configuration: ""
[0.227s] -- Up-to-date: /home/labpc1/dflqp_unicycle_ws/install/my_robot_description/share/my_robot_description//urdf
[0.227s] -- Up-to-date: /home/labpc1/dflqp_unicycle_ws/install/my_robot_description/share/my_robot_description//urdf/my_robot.urdf.xacro
[0.227s] -- Up-to-date: /home/labpc1/dflqp_unicycle_ws/install/my_robot_description/share/my_robot_description//urdf/mobile_base.xacro
[0.227s] -- Up-to-date: /home/labpc1/dflqp_unicycle_ws/install/my_robot_description/share/my_robot_description//urdf/common_properties.xacro
[0.227s] -- Up-to-date: /home/labpc1/dflqp_unicycle_ws/install/my_robot_description/share/my_robot_description//urdf/mobile_base_gazebo.xacro
[0.227s] -- Up-to-date: /home/labpc1/dflqp_unicycle_ws/install/my_robot_description/share/my_robot_description//launch
[0.228s] -- Up-to-date: /home/labpc1/dflqp_unicycle_ws/install/my_robot_description/share/my_robot_description//launch/display.launch.xml
[0.228s] -- Up-to-date: /home/labpc1/dflqp_unicycle_ws/install/my_robot_description/share/my_robot_description//launch/display.launch.py
[0.228s] -- Up-to-date: /home/labpc1/dflqp_unicycle_ws/install/my_robot_description/share/my_robot_description//rviz
[0.228s] -- Up-to-date: /home/labpc1/dflqp_unicycle_ws/install/my_robot_description/share/my_robot_description//rviz/my_robot.rviz
[0.228s] -- Up-to-date: /home/labpc1/dflqp_unicycle_ws/install/my_robot_description/share/my_robot_description//meshes
[0.228s] -- Up-to-date: /home/labpc1/dflqp_unicycle_ws/install/my_robot_description/share/my_robot_description//meshes/sensors
[0.228s] -- Up-to-date: /home/labpc1/dflqp_unicycle_ws/install/my_robot_description/share/my_robot_description//meshes/sensors/lds.stl
[0.228s] -- Up-to-date: /home/labpc1/dflqp_unicycle_ws/install/my_robot_description/share/my_robot_description//meshes/sensors/r200.dae
[0.228s] -- Up-to-date: /home/labpc1/dflqp_unicycle_ws/install/my_robot_description/share/my_robot_description//meshes/bases
[0.228s] -- Up-to-date: /home/labpc1/dflqp_unicycle_ws/install/my_robot_description/share/my_robot_description//meshes/bases/waffle_base.stl
[0.228s] -- Up-to-date: /home/labpc1/dflqp_unicycle_ws/install/my_robot_description/share/my_robot_description//meshes/wheels
[0.228s] -- Up-to-date: /home/labpc1/dflqp_unicycle_ws/install/my_robot_description/share/my_robot_description//meshes/wheels/right_tire.stl
[0.228s] -- Up-to-date: /home/labpc1/dflqp_unicycle_ws/install/my_robot_description/share/my_robot_description//meshes/wheels/left_tire.stl
[0.228s] -- Up-to-date: /home/labpc1/dflqp_unicycle_ws/install/my_robot_description/share/ament_index/resource_index/package_run_dependencies/my_robot_description
[0.228s] -- Up-to-date: /home/labpc1/dflqp_unicycle_ws/install/my_robot_description/share/ament_index/resource_index/parent_prefix_path/my_robot_description
[0.228s] -- Up-to-date: /home/labpc1/dflqp_unicycle_ws/install/my_robot_description/share/my_robot_description/environment/ament_prefix_path.sh
[0.229s] -- Up-to-date: /home/labpc1/dflqp_unicycle_ws/install/my_robot_description/share/my_robot_description/environment/ament_prefix_path.dsv
[0.229s] -- Up-to-date: /home/labpc1/dflqp_unicycle_ws/install/my_robot_description/share/my_robot_description/environment/path.sh
[0.229s] -- Up-to-date: /home/labpc1/dflqp_unicycle_ws/install/my_robot_description/share/my_robot_description/environment/path.dsv
[0.229s] -- Up-to-date: /home/labpc1/dflqp_unicycle_ws/install/my_robot_description/share/my_robot_description/local_setup.bash
[0.229s] -- Up-to-date: /home/labpc1/dflqp_unicycle_ws/install/my_robot_description/share/my_robot_description/local_setup.sh
[0.229s] -- Up-to-date: /home/labpc1/dflqp_unicycle_ws/install/my_robot_description/share/my_robot_description/local_setup.zsh
[0.229s] -- Up-to-date: /home/labpc1/dflqp_unicycle_ws/install/my_robot_description/share/my_robot_description/local_setup.dsv
[0.229s] -- Up-to-date: /home/labpc1/dflqp_unicycle_ws/install/my_robot_description/share/my_robot_description/package.dsv
[0.229s] -- Up-to-date: /home/labpc1/dflqp_unicycle_ws/install/my_robot_description/share/ament_index/resource_index/packages/my_robot_description
[0.229s] -- Up-to-date: /home/labpc1/dflqp_unicycle_ws/install/my_robot_description/share/my_robot_description/cmake/my_robot_descriptionConfig.cmake
[0.229s] -- Up-to-date: /home/labpc1/dflqp_unicycle_ws/install/my_robot_description/share/my_robot_description/cmake/my_robot_descriptionConfig-version.cmake
[0.229s] -- Up-to-date: /home/labpc1/dflqp_unicycle_ws/install/my_robot_description/share/my_robot_description/package.xml
[0.231s] Invoked command in '/home/labpc1/dflqp_unicycle_ws/build/my_robot_description' returned '0': CMAKE_PREFIX_PATH=${CMAKE_PREFIX_PATH}:/home/labpc1/dflqp_unicycle_ws/install/controllers:/opt/ros/jazzy CONDA_PROMPT_MODIFIER=(base) DEBUGINFOD_URLS=https://debuginfod.ubuntu.com /usr/bin/cmake --install /home/labpc1/dflqp_unicycle_ws/build/my_robot_description
