[0.068s] DEBUG:colcon:Command line arguments: ['/usr/bin/colcon', 'build']
[0.068s] DEBUG:colcon:Parsed command line arguments: Namespace(log_base=None, log_level=None, verb_name='build', build_base='build', install_base='install', merge_install=False, symlink_install=False, test_result_base=None, continue_on_error=False, executor='parallel', parallel_workers=16, event_handlers=None, ignore_user_meta=False, metas=['./colcon.meta'], base_paths=['.'], packages_ignore=None, packages_ignore_regex=None, paths=None, packages_up_to=None, packages_up_to_regex=None, packages_above=None, packages_above_and_dependencies=None, packages_above_depth=None, packages_select_by_dep=None, packages_skip_by_dep=None, packages_skip_up_to=None, packages_select_build_failed=False, packages_skip_build_finished=False, packages_select_test_failures=False, packages_skip_test_passed=False, packages_select=None, packages_skip=None, packages_select_regex=None, packages_skip_regex=None, packages_start=None, packages_end=None, allow_overriding=[], cmake_args=None, cmake_target=None, cmake_target_skip_unavailable=False, cmake_clean_cache=False, cmake_clean_first=False, cmake_force_configure=False, ament_cmake_args=None, catkin_cmake_args=None, catkin_skip_building_tests=False, mixin_files=None, mixin=None, verb_parser=<colcon_mixin.mixin.mixin_argument.MixinArgumentDecorator object at 0x70ba1e4b08c0>, verb_extension=<colcon_core.verb.build.BuildVerb object at 0x70ba1e5cd2e0>, main=<bound method BuildVerb.main of <colcon_core.verb.build.BuildVerb object at 0x70ba1e5cd2e0>>, mixin_verb=('build',))
[0.091s] Level 1:colcon.colcon_core.package_discovery:discover_packages(colcon_meta) check parameters
[0.091s] Level 1:colcon.colcon_core.package_discovery:discover_packages(recursive) check parameters
[0.091s] Level 1:colcon.colcon_core.package_discovery:discover_packages(ignore) check parameters
[0.091s] Level 1:colcon.colcon_core.package_discovery:discover_packages(path) check parameters
[0.091s] Level 1:colcon.colcon_core.package_discovery:discover_packages(colcon_meta) discover
[0.091s] Level 1:colcon.colcon_core.package_discovery:discover_packages(recursive) discover
[0.091s] INFO:colcon.colcon_core.package_discovery:Crawling recursively for packages in '/home/labpc1/dflqp_unicycle_ws'
[0.091s] Level 1:colcon.colcon_core.package_identification:_identify(.) by extensions ['ignore', 'ignore_ament_install']
[0.091s] Level 1:colcon.colcon_core.package_identification:_identify(.) by extension 'ignore'
[0.092s] Level 1:colcon.colcon_core.package_identification:_identify(.) by extension 'ignore_ament_install'
[0.092s] Level 1:colcon.colcon_core.package_identification:_identify(.) by extensions ['colcon_pkg']
[0.092s] Level 1:colcon.colcon_core.package_identification:_identify(.) by extension 'colcon_pkg'
[0.092s] Level 1:colcon.colcon_core.package_identification:_identify(.) by extensions ['colcon_meta']
[0.092s] Level 1:colcon.colcon_core.package_identification:_identify(.) by extension 'colcon_meta'
[0.092s] Level 1:colcon.colcon_core.package_identification:_identify(.) by extensions ['ros']
[0.092s] Level 1:colcon.colcon_core.package_identification:_identify(.) by extension 'ros'
[0.108s] Level 1:colcon.colcon_core.package_identification:_identify(.) by extensions ['cmake', 'python']
[0.108s] Level 1:colcon.colcon_core.package_identification:_identify(.) by extension 'cmake'
[0.108s] Level 1:colcon.colcon_core.package_identification:_identify(.) by extension 'python'
[0.108s] Level 1:colcon.colcon_core.package_identification:_identify(.) by extensions ['python_setup_py']
[0.108s] Level 1:colcon.colcon_core.package_identification:_identify(.) by extension 'python_setup_py'
[0.108s] Level 1:colcon.colcon_core.package_identification:_identify(build) by extensions ['ignore', 'ignore_ament_install']
[0.108s] Level 1:colcon.colcon_core.package_identification:_identify(build) by extension 'ignore'
[0.108s] Level 1:colcon.colcon_core.package_identification:_identify(build) ignored
[0.108s] Level 1:colcon.colcon_core.package_identification:_identify(install) by extensions ['ignore', 'ignore_ament_install']
[0.108s] Level 1:colcon.colcon_core.package_identification:_identify(install) by extension 'ignore'
[0.108s] Level 1:colcon.colcon_core.package_identification:_identify(install) ignored
[0.108s] Level 1:colcon.colcon_core.package_identification:_identify(log) by extensions ['ignore', 'ignore_ament_install']
[0.108s] Level 1:colcon.colcon_core.package_identification:_identify(log) by extension 'ignore'
[0.108s] Level 1:colcon.colcon_core.package_identification:_identify(log) ignored
[0.108s] Level 1:colcon.colcon_core.package_identification:_identify(src) by extensions ['ignore', 'ignore_ament_install']
[0.108s] Level 1:colcon.colcon_core.package_identification:_identify(src) by extension 'ignore'
[0.109s] Level 1:colcon.colcon_core.package_identification:_identify(src) by extension 'ignore_ament_install'
[0.109s] Level 1:colcon.colcon_core.package_identification:_identify(src) by extensions ['colcon_pkg']
[0.109s] Level 1:colcon.colcon_core.package_identification:_identify(src) by extension 'colcon_pkg'
[0.109s] Level 1:colcon.colcon_core.package_identification:_identify(src) by extensions ['colcon_meta']
[0.109s] Level 1:colcon.colcon_core.package_identification:_identify(src) by extension 'colcon_meta'
[0.109s] Level 1:colcon.colcon_core.package_identification:_identify(src) by extensions ['ros']
[0.109s] Level 1:colcon.colcon_core.package_identification:_identify(src) by extension 'ros'
[0.109s] Level 1:colcon.colcon_core.package_identification:_identify(src) by extensions ['cmake', 'python']
[0.109s] Level 1:colcon.colcon_core.package_identification:_identify(src) by extension 'cmake'
[0.109s] Level 1:colcon.colcon_core.package_identification:_identify(src) by extension 'python'
[0.109s] Level 1:colcon.colcon_core.package_identification:_identify(src) by extensions ['python_setup_py']
[0.109s] Level 1:colcon.colcon_core.package_identification:_identify(src) by extension 'python_setup_py'
[0.109s] Level 1:colcon.colcon_core.package_identification:_identify(src/controllers) by extensions ['ignore', 'ignore_ament_install']
[0.109s] Level 1:colcon.colcon_core.package_identification:_identify(src/controllers) by extension 'ignore'
[0.109s] Level 1:colcon.colcon_core.package_identification:_identify(src/controllers) by extension 'ignore_ament_install'
[0.109s] Level 1:colcon.colcon_core.package_identification:_identify(src/controllers) by extensions ['colcon_pkg']
[0.109s] Level 1:colcon.colcon_core.package_identification:_identify(src/controllers) by extension 'colcon_pkg'
[0.109s] Level 1:colcon.colcon_core.package_identification:_identify(src/controllers) by extensions ['colcon_meta']
[0.109s] Level 1:colcon.colcon_core.package_identification:_identify(src/controllers) by extension 'colcon_meta'
[0.109s] Level 1:colcon.colcon_core.package_identification:_identify(src/controllers) by extensions ['ros']
[0.109s] Level 1:colcon.colcon_core.package_identification:_identify(src/controllers) by extension 'ros'
[0.111s] DEBUG:colcon.colcon_core.package_identification:Package 'src/controllers' with type 'ros.ament_python' and name 'controllers'
[0.111s] Level 1:colcon.colcon_core.package_identification:_identify(src/my_robot_bringup) by extensions ['ignore', 'ignore_ament_install']
[0.111s] Level 1:colcon.colcon_core.package_identification:_identify(src/my_robot_bringup) by extension 'ignore'
[0.111s] Level 1:colcon.colcon_core.package_identification:_identify(src/my_robot_bringup) by extension 'ignore_ament_install'
[0.111s] Level 1:colcon.colcon_core.package_identification:_identify(src/my_robot_bringup) by extensions ['colcon_pkg']
[0.111s] Level 1:colcon.colcon_core.package_identification:_identify(src/my_robot_bringup) by extension 'colcon_pkg'
[0.111s] Level 1:colcon.colcon_core.package_identification:_identify(src/my_robot_bringup) by extensions ['colcon_meta']
[0.111s] Level 1:colcon.colcon_core.package_identification:_identify(src/my_robot_bringup) by extension 'colcon_meta'
[0.111s] Level 1:colcon.colcon_core.package_identification:_identify(src/my_robot_bringup) by extensions ['ros']
[0.111s] Level 1:colcon.colcon_core.package_identification:_identify(src/my_robot_bringup) by extension 'ros'
[0.111s] DEBUG:colcon.colcon_core.package_identification:Package 'src/my_robot_bringup' with type 'ros.ament_cmake' and name 'my_robot_bringup'
[0.111s] Level 1:colcon.colcon_core.package_identification:_identify(src/my_robot_description) by extensions ['ignore', 'ignore_ament_install']
[0.111s] Level 1:colcon.colcon_core.package_identification:_identify(src/my_robot_description) by extension 'ignore'
[0.111s] Level 1:colcon.colcon_core.package_identification:_identify(src/my_robot_description) by extension 'ignore_ament_install'
[0.111s] Level 1:colcon.colcon_core.package_identification:_identify(src/my_robot_description) by extensions ['colcon_pkg']
[0.111s] Level 1:colcon.colcon_core.package_identification:_identify(src/my_robot_description) by extension 'colcon_pkg'
[0.111s] Level 1:colcon.colcon_core.package_identification:_identify(src/my_robot_description) by extensions ['colcon_meta']
[0.111s] Level 1:colcon.colcon_core.package_identification:_identify(src/my_robot_description) by extension 'colcon_meta'
[0.111s] Level 1:colcon.colcon_core.package_identification:_identify(src/my_robot_description) by extensions ['ros']
[0.111s] Level 1:colcon.colcon_core.package_identification:_identify(src/my_robot_description) by extension 'ros'
[0.112s] DEBUG:colcon.colcon_core.package_identification:Package 'src/my_robot_description' with type 'ros.ament_cmake' and name 'my_robot_description'
[0.112s] Level 1:colcon.colcon_core.package_discovery:discover_packages(recursive) using defaults
[0.112s] Level 1:colcon.colcon_core.package_discovery:discover_packages(ignore) discover
[0.112s] Level 1:colcon.colcon_core.package_discovery:discover_packages(ignore) using defaults
[0.112s] Level 1:colcon.colcon_core.package_discovery:discover_packages(path) discover
[0.112s] Level 1:colcon.colcon_core.package_discovery:discover_packages(path) using defaults
[0.123s] Level 1:colcon.colcon_core.package_discovery:discover_packages(prefix_path) check parameters
[0.123s] Level 1:colcon.colcon_core.package_discovery:discover_packages(prefix_path) discover
[0.124s] DEBUG:colcon.colcon_installed_package_information.package_discovery:Found 319 installed packages in /opt/ros/jazzy
[0.125s] Level 1:colcon.colcon_core.package_discovery:discover_packages(prefix_path) using defaults
[0.152s] Level 5:colcon.colcon_core.verb:set package 'controllers' build argument 'cmake_args' from command line to 'None'
[0.152s] Level 5:colcon.colcon_core.verb:set package 'controllers' build argument 'cmake_target' from command line to 'None'
[0.152s] Level 5:colcon.colcon_core.verb:set package 'controllers' build argument 'cmake_target_skip_unavailable' from command line to 'False'
[0.152s] Level 5:colcon.colcon_core.verb:set package 'controllers' build argument 'cmake_clean_cache' from command line to 'False'
[0.152s] Level 5:colcon.colcon_core.verb:set package 'controllers' build argument 'cmake_clean_first' from command line to 'False'
[0.152s] Level 5:colcon.colcon_core.verb:set package 'controllers' build argument 'cmake_force_configure' from command line to 'False'
[0.152s] Level 5:colcon.colcon_core.verb:set package 'controllers' build argument 'ament_cmake_args' from command line to 'None'
[0.152s] Level 5:colcon.colcon_core.verb:set package 'controllers' build argument 'catkin_cmake_args' from command line to 'None'
[0.152s] Level 5:colcon.colcon_core.verb:set package 'controllers' build argument 'catkin_skip_building_tests' from command line to 'False'
[0.152s] DEBUG:colcon.colcon_core.verb:Building package 'controllers' with the following arguments: {'ament_cmake_args': None, 'build_base': '/home/labpc1/dflqp_unicycle_ws/build/controllers', 'catkin_cmake_args': None, 'catkin_skip_building_tests': False, 'cmake_args': None, 'cmake_clean_cache': False, 'cmake_clean_first': False, 'cmake_force_configure': False, 'cmake_target': None, 'cmake_target_skip_unavailable': False, 'install_base': '/home/labpc1/dflqp_unicycle_ws/install/controllers', 'merge_install': False, 'path': '/home/labpc1/dflqp_unicycle_ws/src/controllers', 'symlink_install': False, 'test_result_base': None}
[0.152s] Level 5:colcon.colcon_core.verb:set package 'my_robot_bringup' build argument 'cmake_args' from command line to 'None'
[0.152s] Level 5:colcon.colcon_core.verb:set package 'my_robot_bringup' build argument 'cmake_target' from command line to 'None'
[0.152s] Level 5:colcon.colcon_core.verb:set package 'my_robot_bringup' build argument 'cmake_target_skip_unavailable' from command line to 'False'
[0.152s] Level 5:colcon.colcon_core.verb:set package 'my_robot_bringup' build argument 'cmake_clean_cache' from command line to 'False'
[0.152s] Level 5:colcon.colcon_core.verb:set package 'my_robot_bringup' build argument 'cmake_clean_first' from command line to 'False'
[0.152s] Level 5:colcon.colcon_core.verb:set package 'my_robot_bringup' build argument 'cmake_force_configure' from command line to 'False'
[0.152s] Level 5:colcon.colcon_core.verb:set package 'my_robot_bringup' build argument 'ament_cmake_args' from command line to 'None'
[0.152s] Level 5:colcon.colcon_core.verb:set package 'my_robot_bringup' build argument 'catkin_cmake_args' from command line to 'None'
[0.152s] Level 5:colcon.colcon_core.verb:set package 'my_robot_bringup' build argument 'catkin_skip_building_tests' from command line to 'False'
[0.152s] DEBUG:colcon.colcon_core.verb:Building package 'my_robot_bringup' with the following arguments: {'ament_cmake_args': None, 'build_base': '/home/labpc1/dflqp_unicycle_ws/build/my_robot_bringup', 'catkin_cmake_args': None, 'catkin_skip_building_tests': False, 'cmake_args': None, 'cmake_clean_cache': False, 'cmake_clean_first': False, 'cmake_force_configure': False, 'cmake_target': None, 'cmake_target_skip_unavailable': False, 'install_base': '/home/labpc1/dflqp_unicycle_ws/install/my_robot_bringup', 'merge_install': False, 'path': '/home/labpc1/dflqp_unicycle_ws/src/my_robot_bringup', 'symlink_install': False, 'test_result_base': None}
[0.152s] Level 5:colcon.colcon_core.verb:set package 'my_robot_description' build argument 'cmake_args' from command line to 'None'
[0.152s] Level 5:colcon.colcon_core.verb:set package 'my_robot_description' build argument 'cmake_target' from command line to 'None'
[0.152s] Level 5:colcon.colcon_core.verb:set package 'my_robot_description' build argument 'cmake_target_skip_unavailable' from command line to 'False'
[0.152s] Level 5:colcon.colcon_core.verb:set package 'my_robot_description' build argument 'cmake_clean_cache' from command line to 'False'
[0.152s] Level 5:colcon.colcon_core.verb:set package 'my_robot_description' build argument 'cmake_clean_first' from command line to 'False'
[0.152s] Level 5:colcon.colcon_core.verb:set package 'my_robot_description' build argument 'cmake_force_configure' from command line to 'False'
[0.152s] Level 5:colcon.colcon_core.verb:set package 'my_robot_description' build argument 'ament_cmake_args' from command line to 'None'
[0.152s] Level 5:colcon.colcon_core.verb:set package 'my_robot_description' build argument 'catkin_cmake_args' from command line to 'None'
[0.152s] Level 5:colcon.colcon_core.verb:set package 'my_robot_description' build argument 'catkin_skip_building_tests' from command line to 'False'
[0.152s] DEBUG:colcon.colcon_core.verb:Building package 'my_robot_description' with the following arguments: {'ament_cmake_args': None, 'build_base': '/home/labpc1/dflqp_unicycle_ws/build/my_robot_description', 'catkin_cmake_args': None, 'catkin_skip_building_tests': False, 'cmake_args': None, 'cmake_clean_cache': False, 'cmake_clean_first': False, 'cmake_force_configure': False, 'cmake_target': None, 'cmake_target_skip_unavailable': False, 'install_base': '/home/labpc1/dflqp_unicycle_ws/install/my_robot_description', 'merge_install': False, 'path': '/home/labpc1/dflqp_unicycle_ws/src/my_robot_description', 'symlink_install': False, 'test_result_base': None}
[0.152s] INFO:colcon.colcon_core.executor:Executing jobs using 'parallel' executor
[0.153s] DEBUG:colcon.colcon_parallel_executor.executor.parallel:run_until_complete
[0.153s] INFO:colcon.colcon_ros.task.ament_python.build:Building ROS package in '/home/labpc1/dflqp_unicycle_ws/src/controllers' with build type 'ament_python'
[0.153s] Level 1:colcon.colcon_core.shell:create_environment_hook('controllers', 'ament_prefix_path')
[0.154s] INFO:colcon.colcon_core.plugin_system:Skipping extension 'colcon_core.shell.bat': Not used on non-Windows systems
[0.154s] INFO:colcon.colcon_core.shell:Creating environment hook '/home/labpc1/dflqp_unicycle_ws/install/controllers/share/controllers/hook/ament_prefix_path.ps1'
[0.155s] INFO:colcon.colcon_core.shell:Creating environment descriptor '/home/labpc1/dflqp_unicycle_ws/install/controllers/share/controllers/hook/ament_prefix_path.dsv'
[0.155s] INFO:colcon.colcon_core.shell:Creating environment hook '/home/labpc1/dflqp_unicycle_ws/install/controllers/share/controllers/hook/ament_prefix_path.sh'
[0.155s] INFO:colcon.colcon_core.shell:Skip shell extension 'powershell' for command environment: Not usable outside of PowerShell
[0.155s] DEBUG:colcon.colcon_core.shell:Skip shell extension 'dsv' for command environment
[0.157s] INFO:colcon.colcon_ros.task.ament_cmake.build:Building ROS package in '/home/labpc1/dflqp_unicycle_ws/src/my_robot_bringup' with build type 'ament_cmake'
[0.157s] INFO:colcon.colcon_cmake.task.cmake.build:Building CMake package in '/home/labpc1/dflqp_unicycle_ws/src/my_robot_bringup'
[0.158s] INFO:colcon.colcon_core.shell:Skip shell extension 'powershell' for command environment: Not usable outside of PowerShell
[0.158s] DEBUG:colcon.colcon_core.shell:Skip shell extension 'dsv' for command environment
[0.159s] INFO:colcon.colcon_ros.task.ament_cmake.build:Building ROS package in '/home/labpc1/dflqp_unicycle_ws/src/my_robot_description' with build type 'ament_cmake'
[0.159s] INFO:colcon.colcon_cmake.task.cmake.build:Building CMake package in '/home/labpc1/dflqp_unicycle_ws/src/my_robot_description'
[0.159s] INFO:colcon.colcon_core.shell:Skip shell extension 'powershell' for command environment: Not usable outside of PowerShell
[0.159s] DEBUG:colcon.colcon_core.shell:Skip shell extension 'dsv' for command environment
[0.300s] INFO:colcon.colcon_core.task.python.build:Building Python package in '/home/labpc1/dflqp_unicycle_ws/src/controllers'
[0.300s] INFO:colcon.colcon_core.shell:Skip shell extension 'powershell' for command environment: Not usable outside of PowerShell
[0.300s] DEBUG:colcon.colcon_core.shell:Skip shell extension 'dsv' for command environment
[0.304s] DEBUG:colcon.colcon_core.event_handler.log_command:Invoking command in '/home/labpc1/dflqp_unicycle_ws/build/my_robot_bringup': CMAKE_PREFIX_PATH=${CMAKE_PREFIX_PATH}:/opt/ros/jazzy CONDA_PROMPT_MODIFIER=(base) DEBUGINFOD_URLS=https://debuginfod.ubuntu.com /usr/bin/cmake /home/labpc1/dflqp_unicycle_ws/src/my_robot_bringup -DCMAKE_INSTALL_PREFIX=/home/labpc1/dflqp_unicycle_ws/install/my_robot_bringup
[0.306s] DEBUG:colcon.colcon_core.event_handler.log_command:Invoking command in '/home/labpc1/dflqp_unicycle_ws/build/my_robot_description': CMAKE_PREFIX_PATH=${CMAKE_PREFIX_PATH}:/opt/ros/jazzy CONDA_PROMPT_MODIFIER=(base) DEBUGINFOD_URLS=https://debuginfod.ubuntu.com /usr/bin/cmake /home/labpc1/dflqp_unicycle_ws/src/my_robot_description -DCMAKE_INSTALL_PREFIX=/home/labpc1/dflqp_unicycle_ws/install/my_robot_description
[0.746s] DEBUG:colcon.colcon_core.event_handler.log_command:Invoking command in '/home/labpc1/dflqp_unicycle_ws/src/controllers': CONDA_PROMPT_MODIFIER=(base) DEBUGINFOD_URLS=https://debuginfod.ubuntu.com PYTHONPATH=/home/labpc1/dflqp_unicycle_ws/build/controllers/prefix_override:/usr/lib/python3/dist-packages/colcon_core/task/python/colcon_distutils_commands:/home/labpc1/dflqp_unicycle_ws/install/controllers/lib/python3.12/site-packages:${PYTHONPATH} /usr/bin/python3 -W ignore:setup.py install is deprecated -W ignore:easy_install command is deprecated setup.py egg_info --egg-base ../../build/controllers build --build-base /home/labpc1/dflqp_unicycle_ws/build/controllers/build install --record /home/labpc1/dflqp_unicycle_ws/build/controllers/install.log --single-version-externally-managed install_data
[0.834s] DEBUG:colcon.colcon_core.event_handler.log_command:Invoked command in '/home/labpc1/dflqp_unicycle_ws/build/my_robot_description' returned '0': CMAKE_PREFIX_PATH=${CMAKE_PREFIX_PATH}:/opt/ros/jazzy CONDA_PROMPT_MODIFIER=(base) DEBUGINFOD_URLS=https://debuginfod.ubuntu.com /usr/bin/cmake /home/labpc1/dflqp_unicycle_ws/src/my_robot_description -DCMAKE_INSTALL_PREFIX=/home/labpc1/dflqp_unicycle_ws/install/my_robot_description
[0.835s] DEBUG:colcon.colcon_core.event_handler.log_command:Invoking command in '/home/labpc1/dflqp_unicycle_ws/build/my_robot_description': CMAKE_PREFIX_PATH=${CMAKE_PREFIX_PATH}:/opt/ros/jazzy CONDA_PROMPT_MODIFIER=(base) DEBUGINFOD_URLS=https://debuginfod.ubuntu.com /usr/bin/cmake --build /home/labpc1/dflqp_unicycle_ws/build/my_robot_description -- -j16 -l16
[0.835s] DEBUG:colcon.colcon_core.event_handler.log_command:Invoked command in '/home/labpc1/dflqp_unicycle_ws/build/my_robot_bringup' returned '0': CMAKE_PREFIX_PATH=${CMAKE_PREFIX_PATH}:/opt/ros/jazzy CONDA_PROMPT_MODIFIER=(base) DEBUGINFOD_URLS=https://debuginfod.ubuntu.com /usr/bin/cmake /home/labpc1/dflqp_unicycle_ws/src/my_robot_bringup -DCMAKE_INSTALL_PREFIX=/home/labpc1/dflqp_unicycle_ws/install/my_robot_bringup
[0.836s] DEBUG:colcon.colcon_core.event_handler.log_command:Invoking command in '/home/labpc1/dflqp_unicycle_ws/build/my_robot_bringup': CMAKE_PREFIX_PATH=${CMAKE_PREFIX_PATH}:/opt/ros/jazzy CONDA_PROMPT_MODIFIER=(base) DEBUGINFOD_URLS=https://debuginfod.ubuntu.com /usr/bin/cmake --build /home/labpc1/dflqp_unicycle_ws/build/my_robot_bringup -- -j16 -l16
[0.863s] DEBUG:colcon.colcon_core.event_handler.log_command:Invoked command in '/home/labpc1/dflqp_unicycle_ws/build/my_robot_bringup' returned '0': CMAKE_PREFIX_PATH=${CMAKE_PREFIX_PATH}:/opt/ros/jazzy CONDA_PROMPT_MODIFIER=(base) DEBUGINFOD_URLS=https://debuginfod.ubuntu.com /usr/bin/cmake --build /home/labpc1/dflqp_unicycle_ws/build/my_robot_bringup -- -j16 -l16
[0.870s] DEBUG:colcon.colcon_core.event_handler.log_command:Invoking command in '/home/labpc1/dflqp_unicycle_ws/build/my_robot_bringup': CMAKE_PREFIX_PATH=${CMAKE_PREFIX_PATH}:/opt/ros/jazzy CONDA_PROMPT_MODIFIER=(base) DEBUGINFOD_URLS=https://debuginfod.ubuntu.com /usr/bin/cmake --install /home/labpc1/dflqp_unicycle_ws/build/my_robot_bringup
[0.871s] DEBUG:colcon.colcon_core.event_handler.log_command:Invoked command in '/home/labpc1/dflqp_unicycle_ws/build/my_robot_description' returned '0': CMAKE_PREFIX_PATH=${CMAKE_PREFIX_PATH}:/opt/ros/jazzy CONDA_PROMPT_MODIFIER=(base) DEBUGINFOD_URLS=https://debuginfod.ubuntu.com /usr/bin/cmake --build /home/labpc1/dflqp_unicycle_ws/build/my_robot_description -- -j16 -l16
[0.871s] DEBUG:colcon.colcon_core.event_handler.log_command:Invoking command in '/home/labpc1/dflqp_unicycle_ws/build/my_robot_description': CMAKE_PREFIX_PATH=${CMAKE_PREFIX_PATH}:/opt/ros/jazzy CONDA_PROMPT_MODIFIER=(base) DEBUGINFOD_URLS=https://debuginfod.ubuntu.com /usr/bin/cmake --install /home/labpc1/dflqp_unicycle_ws/build/my_robot_description
[0.878s] Level 1:colcon.colcon_core.environment:create_environment_scripts_only(my_robot_bringup)
[0.879s] DEBUG:colcon.colcon_core.event_handler.log_command:Invoked command in '/home/labpc1/dflqp_unicycle_ws/build/my_robot_bringup' returned '0': CMAKE_PREFIX_PATH=${CMAKE_PREFIX_PATH}:/opt/ros/jazzy CONDA_PROMPT_MODIFIER=(base) DEBUGINFOD_URLS=https://debuginfod.ubuntu.com /usr/bin/cmake --install /home/labpc1/dflqp_unicycle_ws/build/my_robot_bringup
[0.880s] Level 1:colcon.colcon_core.environment:checking '/home/labpc1/dflqp_unicycle_ws/install/my_robot_bringup' for CMake module files
[0.881s] Level 1:colcon.colcon_core.environment:checking '/home/labpc1/dflqp_unicycle_ws/install/my_robot_bringup' for CMake config files
[0.881s] Level 1:colcon.colcon_core.shell:create_environment_hook('my_robot_bringup', 'cmake_prefix_path')
[0.881s] INFO:colcon.colcon_core.shell:Creating environment hook '/home/labpc1/dflqp_unicycle_ws/install/my_robot_bringup/share/my_robot_bringup/hook/cmake_prefix_path.ps1'
[0.881s] INFO:colcon.colcon_core.shell:Creating environment descriptor '/home/labpc1/dflqp_unicycle_ws/install/my_robot_bringup/share/my_robot_bringup/hook/cmake_prefix_path.dsv'
[0.881s] INFO:colcon.colcon_core.shell:Creating environment hook '/home/labpc1/dflqp_unicycle_ws/install/my_robot_bringup/share/my_robot_bringup/hook/cmake_prefix_path.sh'
[0.882s] Level 1:colcon.colcon_core.environment:checking '/home/labpc1/dflqp_unicycle_ws/install/my_robot_bringup/bin'
[0.882s] Level 1:colcon.colcon_core.environment:checking '/home/labpc1/dflqp_unicycle_ws/install/my_robot_bringup/lib/pkgconfig/my_robot_bringup.pc'
[0.882s] Level 1:colcon.colcon_core.environment:checking '/home/labpc1/dflqp_unicycle_ws/install/my_robot_bringup/lib/python3.12/site-packages'
[0.882s] Level 1:colcon.colcon_core.environment:checking '/home/labpc1/dflqp_unicycle_ws/install/my_robot_bringup/bin'
[0.882s] INFO:colcon.colcon_core.shell:Creating package script '/home/labpc1/dflqp_unicycle_ws/install/my_robot_bringup/share/my_robot_bringup/package.ps1'
[0.883s] INFO:colcon.colcon_core.shell:Creating package descriptor '/home/labpc1/dflqp_unicycle_ws/install/my_robot_bringup/share/my_robot_bringup/package.dsv'
[0.883s] INFO:colcon.colcon_core.shell:Creating package script '/home/labpc1/dflqp_unicycle_ws/install/my_robot_bringup/share/my_robot_bringup/package.sh'
[0.883s] INFO:colcon.colcon_core.shell:Creating package script '/home/labpc1/dflqp_unicycle_ws/install/my_robot_bringup/share/my_robot_bringup/package.bash'
[0.884s] INFO:colcon.colcon_core.shell:Creating package script '/home/labpc1/dflqp_unicycle_ws/install/my_robot_bringup/share/my_robot_bringup/package.zsh'
[0.884s] Level 1:colcon.colcon_core.environment:create_file_with_runtime_dependencies(/home/labpc1/dflqp_unicycle_ws/install/my_robot_bringup/share/colcon-core/packages/my_robot_bringup)
[0.884s] Level 1:colcon.colcon_core.environment:create_environment_scripts_only(my_robot_bringup)
[0.884s] Level 1:colcon.colcon_core.environment:checking '/home/labpc1/dflqp_unicycle_ws/install/my_robot_bringup' for CMake module files
[0.885s] Level 1:colcon.colcon_core.environment:checking '/home/labpc1/dflqp_unicycle_ws/install/my_robot_bringup' for CMake config files
[0.885s] Level 1:colcon.colcon_core.shell:create_environment_hook('my_robot_bringup', 'cmake_prefix_path')
[0.885s] INFO:colcon.colcon_core.shell:Creating environment hook '/home/labpc1/dflqp_unicycle_ws/install/my_robot_bringup/share/my_robot_bringup/hook/cmake_prefix_path.ps1'
[0.885s] INFO:colcon.colcon_core.shell:Creating environment descriptor '/home/labpc1/dflqp_unicycle_ws/install/my_robot_bringup/share/my_robot_bringup/hook/cmake_prefix_path.dsv'
[0.885s] INFO:colcon.colcon_core.shell:Creating environment hook '/home/labpc1/dflqp_unicycle_ws/install/my_robot_bringup/share/my_robot_bringup/hook/cmake_prefix_path.sh'
[0.886s] Level 1:colcon.colcon_core.environment:checking '/home/labpc1/dflqp_unicycle_ws/install/my_robot_bringup/bin'
[0.886s] Level 1:colcon.colcon_core.environment:checking '/home/labpc1/dflqp_unicycle_ws/install/my_robot_bringup/lib/pkgconfig/my_robot_bringup.pc'
[0.886s] Level 1:colcon.colcon_core.environment:checking '/home/labpc1/dflqp_unicycle_ws/install/my_robot_bringup/lib/python3.12/site-packages'
[0.886s] Level 1:colcon.colcon_core.environment:checking '/home/labpc1/dflqp_unicycle_ws/install/my_robot_bringup/bin'
[0.886s] INFO:colcon.colcon_core.shell:Creating package script '/home/labpc1/dflqp_unicycle_ws/install/my_robot_bringup/share/my_robot_bringup/package.ps1'
[0.886s] INFO:colcon.colcon_core.shell:Creating package descriptor '/home/labpc1/dflqp_unicycle_ws/install/my_robot_bringup/share/my_robot_bringup/package.dsv'
[0.887s] INFO:colcon.colcon_core.shell:Creating package script '/home/labpc1/dflqp_unicycle_ws/install/my_robot_bringup/share/my_robot_bringup/package.sh'
[0.887s] INFO:colcon.colcon_core.shell:Creating package script '/home/labpc1/dflqp_unicycle_ws/install/my_robot_bringup/share/my_robot_bringup/package.bash'
[0.888s] INFO:colcon.colcon_core.shell:Creating package script '/home/labpc1/dflqp_unicycle_ws/install/my_robot_bringup/share/my_robot_bringup/package.zsh'
[0.888s] Level 1:colcon.colcon_core.environment:create_file_with_runtime_dependencies(/home/labpc1/dflqp_unicycle_ws/install/my_robot_bringup/share/colcon-core/packages/my_robot_bringup)
[0.891s] Level 1:colcon.colcon_core.environment:create_environment_scripts_only(my_robot_description)
[0.891s] Level 1:colcon.colcon_core.environment:checking '/home/labpc1/dflqp_unicycle_ws/install/my_robot_description' for CMake module files
[0.891s] DEBUG:colcon.colcon_core.event_handler.log_command:Invoked command in '/home/labpc1/dflqp_unicycle_ws/build/my_robot_description' returned '0': CMAKE_PREFIX_PATH=${CMAKE_PREFIX_PATH}:/opt/ros/jazzy CONDA_PROMPT_MODIFIER=(base) DEBUGINFOD_URLS=https://debuginfod.ubuntu.com /usr/bin/cmake --install /home/labpc1/dflqp_unicycle_ws/build/my_robot_description
[0.891s] Level 1:colcon.colcon_core.environment:checking '/home/labpc1/dflqp_unicycle_ws/install/my_robot_description' for CMake config files
[0.892s] Level 1:colcon.colcon_core.shell:create_environment_hook('my_robot_description', 'cmake_prefix_path')
[0.892s] INFO:colcon.colcon_core.shell:Creating environment hook '/home/labpc1/dflqp_unicycle_ws/install/my_robot_description/share/my_robot_description/hook/cmake_prefix_path.ps1'
[0.892s] INFO:colcon.colcon_core.shell:Creating environment descriptor '/home/labpc1/dflqp_unicycle_ws/install/my_robot_description/share/my_robot_description/hook/cmake_prefix_path.dsv'
[0.892s] INFO:colcon.colcon_core.shell:Creating environment hook '/home/labpc1/dflqp_unicycle_ws/install/my_robot_description/share/my_robot_description/hook/cmake_prefix_path.sh'
[0.892s] Level 1:colcon.colcon_core.environment:checking '/home/labpc1/dflqp_unicycle_ws/install/my_robot_description/bin'
[0.892s] Level 1:colcon.colcon_core.environment:checking '/home/labpc1/dflqp_unicycle_ws/install/my_robot_description/lib/pkgconfig/my_robot_description.pc'
[0.893s] Level 1:colcon.colcon_core.environment:checking '/home/labpc1/dflqp_unicycle_ws/install/my_robot_description/lib/python3.12/site-packages'
[0.893s] Level 1:colcon.colcon_core.environment:checking '/home/labpc1/dflqp_unicycle_ws/install/my_robot_description/bin'
[0.893s] INFO:colcon.colcon_core.shell:Creating package script '/home/labpc1/dflqp_unicycle_ws/install/my_robot_description/share/my_robot_description/package.ps1'
[0.893s] INFO:colcon.colcon_core.shell:Creating package descriptor '/home/labpc1/dflqp_unicycle_ws/install/my_robot_description/share/my_robot_description/package.dsv'
[0.893s] INFO:colcon.colcon_core.shell:Creating package script '/home/labpc1/dflqp_unicycle_ws/install/my_robot_description/share/my_robot_description/package.sh'
[0.894s] INFO:colcon.colcon_core.shell:Creating package script '/home/labpc1/dflqp_unicycle_ws/install/my_robot_description/share/my_robot_description/package.bash'
[0.894s] INFO:colcon.colcon_core.shell:Creating package script '/home/labpc1/dflqp_unicycle_ws/install/my_robot_description/share/my_robot_description/package.zsh'
[0.894s] Level 1:colcon.colcon_core.environment:create_file_with_runtime_dependencies(/home/labpc1/dflqp_unicycle_ws/install/my_robot_description/share/colcon-core/packages/my_robot_description)
[0.894s] Level 1:colcon.colcon_core.environment:create_environment_scripts_only(my_robot_description)
[0.894s] Level 1:colcon.colcon_core.environment:checking '/home/labpc1/dflqp_unicycle_ws/install/my_robot_description' for CMake module files
[0.895s] Level 1:colcon.colcon_core.environment:checking '/home/labpc1/dflqp_unicycle_ws/install/my_robot_description' for CMake config files
[0.895s] Level 1:colcon.colcon_core.shell:create_environment_hook('my_robot_description', 'cmake_prefix_path')
[0.895s] INFO:colcon.colcon_core.shell:Creating environment hook '/home/labpc1/dflqp_unicycle_ws/install/my_robot_description/share/my_robot_description/hook/cmake_prefix_path.ps1'
[0.895s] INFO:colcon.colcon_core.shell:Creating environment descriptor '/home/labpc1/dflqp_unicycle_ws/install/my_robot_description/share/my_robot_description/hook/cmake_prefix_path.dsv'
[0.895s] INFO:colcon.colcon_core.shell:Creating environment hook '/home/labpc1/dflqp_unicycle_ws/install/my_robot_description/share/my_robot_description/hook/cmake_prefix_path.sh'
[0.895s] Level 1:colcon.colcon_core.environment:checking '/home/labpc1/dflqp_unicycle_ws/install/my_robot_description/bin'
[0.896s] Level 1:colcon.colcon_core.environment:checking '/home/labpc1/dflqp_unicycle_ws/install/my_robot_description/lib/pkgconfig/my_robot_description.pc'
[0.896s] Level 1:colcon.colcon_core.environment:checking '/home/labpc1/dflqp_unicycle_ws/install/my_robot_description/lib/python3.12/site-packages'
[0.896s] Level 1:colcon.colcon_core.environment:checking '/home/labpc1/dflqp_unicycle_ws/install/my_robot_description/bin'
[0.896s] INFO:colcon.colcon_core.shell:Creating package script '/home/labpc1/dflqp_unicycle_ws/install/my_robot_description/share/my_robot_description/package.ps1'
[0.896s] INFO:colcon.colcon_core.shell:Creating package descriptor '/home/labpc1/dflqp_unicycle_ws/install/my_robot_description/share/my_robot_description/package.dsv'
[0.896s] INFO:colcon.colcon_core.shell:Creating package script '/home/labpc1/dflqp_unicycle_ws/install/my_robot_description/share/my_robot_description/package.sh'
[0.897s] INFO:colcon.colcon_core.shell:Creating package script '/home/labpc1/dflqp_unicycle_ws/install/my_robot_description/share/my_robot_description/package.bash'
[0.897s] INFO:colcon.colcon_core.shell:Creating package script '/home/labpc1/dflqp_unicycle_ws/install/my_robot_description/share/my_robot_description/package.zsh'
[0.897s] Level 1:colcon.colcon_core.environment:create_file_with_runtime_dependencies(/home/labpc1/dflqp_unicycle_ws/install/my_robot_description/share/colcon-core/packages/my_robot_description)
[1.140s] Level 1:colcon.colcon_core.environment:checking '/home/labpc1/dflqp_unicycle_ws/install/controllers' for CMake module files
[1.140s] DEBUG:colcon.colcon_core.event_handler.log_command:Invoked command in '/home/labpc1/dflqp_unicycle_ws/src/controllers' returned '0': CONDA_PROMPT_MODIFIER=(base) DEBUGINFOD_URLS=https://debuginfod.ubuntu.com PYTHONPATH=/home/labpc1/dflqp_unicycle_ws/build/controllers/prefix_override:/usr/lib/python3/dist-packages/colcon_core/task/python/colcon_distutils_commands:/home/labpc1/dflqp_unicycle_ws/install/controllers/lib/python3.12/site-packages:${PYTHONPATH} /usr/bin/python3 -W ignore:setup.py install is deprecated -W ignore:easy_install command is deprecated setup.py egg_info --egg-base ../../build/controllers build --build-base /home/labpc1/dflqp_unicycle_ws/build/controllers/build install --record /home/labpc1/dflqp_unicycle_ws/build/controllers/install.log --single-version-externally-managed install_data
[1.140s] Level 1:colcon.colcon_core.environment:checking '/home/labpc1/dflqp_unicycle_ws/install/controllers' for CMake config files
[1.141s] Level 1:colcon.colcon_core.environment:checking '/home/labpc1/dflqp_unicycle_ws/install/controllers/lib'
[1.141s] Level 1:colcon.colcon_core.environment:checking '/home/labpc1/dflqp_unicycle_ws/install/controllers/bin'
[1.141s] Level 1:colcon.colcon_core.environment:checking '/home/labpc1/dflqp_unicycle_ws/install/controllers/lib/pkgconfig/controllers.pc'
[1.141s] Level 1:colcon.colcon_core.environment:checking '/home/labpc1/dflqp_unicycle_ws/install/controllers/lib/python3.12/site-packages'
[1.141s] Level 1:colcon.colcon_core.shell:create_environment_hook('controllers', 'pythonpath')
[1.141s] INFO:colcon.colcon_core.shell:Creating environment hook '/home/labpc1/dflqp_unicycle_ws/install/controllers/share/controllers/hook/pythonpath.ps1'
[1.141s] INFO:colcon.colcon_core.shell:Creating environment descriptor '/home/labpc1/dflqp_unicycle_ws/install/controllers/share/controllers/hook/pythonpath.dsv'
[1.142s] INFO:colcon.colcon_core.shell:Creating environment hook '/home/labpc1/dflqp_unicycle_ws/install/controllers/share/controllers/hook/pythonpath.sh'
[1.142s] Level 1:colcon.colcon_core.environment:checking '/home/labpc1/dflqp_unicycle_ws/install/controllers/bin'
[1.142s] Level 1:colcon.colcon_core.environment:create_environment_scripts_only(controllers)
[1.142s] INFO:colcon.colcon_core.shell:Creating package script '/home/labpc1/dflqp_unicycle_ws/install/controllers/share/controllers/package.ps1'
[1.143s] INFO:colcon.colcon_core.shell:Creating package descriptor '/home/labpc1/dflqp_unicycle_ws/install/controllers/share/controllers/package.dsv'
[1.143s] INFO:colcon.colcon_core.shell:Creating package script '/home/labpc1/dflqp_unicycle_ws/install/controllers/share/controllers/package.sh'
[1.143s] INFO:colcon.colcon_core.shell:Creating package script '/home/labpc1/dflqp_unicycle_ws/install/controllers/share/controllers/package.bash'
[1.143s] INFO:colcon.colcon_core.shell:Creating package script '/home/labpc1/dflqp_unicycle_ws/install/controllers/share/controllers/package.zsh'
[1.143s] Level 1:colcon.colcon_core.environment:create_file_with_runtime_dependencies(/home/labpc1/dflqp_unicycle_ws/install/controllers/share/colcon-core/packages/controllers)
[1.144s] DEBUG:colcon.colcon_parallel_executor.executor.parallel:closing loop
[1.144s] DEBUG:colcon.colcon_parallel_executor.executor.parallel:loop closed
[1.144s] DEBUG:colcon.colcon_parallel_executor.executor.parallel:run_until_complete finished with '0'
[1.144s] DEBUG:colcon.colcon_core.event_reactor:joining thread
[1.148s] INFO:colcon.colcon_core.plugin_system:Skipping extension 'colcon_notification.desktop_notification.terminal_notifier': Not used on non-Darwin systems
[1.148s] INFO:colcon.colcon_core.plugin_system:Skipping extension 'colcon_notification.desktop_notification.win32': Not used on non-Windows systems
[1.148s] INFO:colcon.colcon_notification.desktop_notification:Sending desktop notification using 'notify2'
[1.162s] DEBUG:colcon.colcon_core.event_reactor:joined thread
[1.162s] INFO:colcon.colcon_core.shell:Creating prefix script '/home/labpc1/dflqp_unicycle_ws/install/local_setup.ps1'
[1.163s] INFO:colcon.colcon_core.shell:Creating prefix util module '/home/labpc1/dflqp_unicycle_ws/install/_local_setup_util_ps1.py'
[1.164s] INFO:colcon.colcon_core.shell:Creating prefix chain script '/home/labpc1/dflqp_unicycle_ws/install/setup.ps1'
[1.165s] INFO:colcon.colcon_core.shell:Creating prefix script '/home/labpc1/dflqp_unicycle_ws/install/local_setup.sh'
[1.166s] INFO:colcon.colcon_core.shell:Creating prefix util module '/home/labpc1/dflqp_unicycle_ws/install/_local_setup_util_sh.py'
[1.166s] INFO:colcon.colcon_core.shell:Creating prefix chain script '/home/labpc1/dflqp_unicycle_ws/install/setup.sh'
[1.166s] INFO:colcon.colcon_core.shell:Creating prefix script '/home/labpc1/dflqp_unicycle_ws/install/local_setup.bash'
[1.167s] INFO:colcon.colcon_core.shell:Creating prefix chain script '/home/labpc1/dflqp_unicycle_ws/install/setup.bash'
[1.167s] INFO:colcon.colcon_core.shell:Creating prefix script '/home/labpc1/dflqp_unicycle_ws/install/local_setup.zsh'
[1.167s] INFO:colcon.colcon_core.shell:Creating prefix chain script '/home/labpc1/dflqp_unicycle_ws/install/setup.zsh'
