[0.088s] DEBUG:colcon:Command line arguments: ['/usr/bin/colcon', 'build']
[0.088s] DEBUG:colcon:Parsed command line arguments: Namespace(log_base=None, log_level=None, verb_name='build', build_base='build', install_base='install', merge_install=False, symlink_install=False, test_result_base=None, continue_on_error=False, executor='parallel', parallel_workers=16, event_handlers=None, ignore_user_meta=False, metas=['./colcon.meta'], base_paths=['.'], packages_ignore=None, packages_ignore_regex=None, paths=None, packages_up_to=None, packages_up_to_regex=None, packages_above=None, packages_above_and_dependencies=None, packages_above_depth=None, packages_select_by_dep=None, packages_skip_by_dep=None, packages_skip_up_to=None, packages_select_build_failed=False, packages_skip_build_finished=False, packages_select_test_failures=False, packages_skip_test_passed=False, packages_select=None, packages_skip=None, packages_select_regex=None, packages_skip_regex=None, packages_start=None, packages_end=None, allow_overriding=[], cmake_args=None, cmake_target=None, cmake_target_skip_unavailable=False, cmake_clean_cache=False, cmake_clean_first=False, cmake_force_configure=False, ament_cmake_args=None, catkin_cmake_args=None, catkin_skip_building_tests=False, mixin_files=None, mixin=None, verb_parser=<colcon_mixin.mixin.mixin_argument.MixinArgumentDecorator object at 0x7c94fdba8da0>, verb_extension=<colcon_core.verb.build.BuildVerb object at 0x7c94fdcc1d60>, main=<bound method BuildVerb.main of <colcon_core.verb.build.BuildVerb object at 0x7c94fdcc1d60>>, mixin_verb=('build',))
[0.117s] Level 1:colcon.colcon_core.package_discovery:discover_packages(colcon_meta) check parameters
[0.117s] Level 1:colcon.colcon_core.package_discovery:discover_packages(recursive) check parameters
[0.117s] Level 1:colcon.colcon_core.package_discovery:discover_packages(ignore) check parameters
[0.117s] Level 1:colcon.colcon_core.package_discovery:discover_packages(path) check parameters
[0.117s] Level 1:colcon.colcon_core.package_discovery:discover_packages(colcon_meta) discover
[0.117s] Level 1:colcon.colcon_core.package_discovery:discover_packages(recursive) discover
[0.117s] INFO:colcon.colcon_core.package_discovery:Crawling recursively for packages in '/home/labpc1/dflqp_unicycle_ws'
[0.117s] Level 1:colcon.colcon_core.package_identification:_identify(.) by extensions ['ignore', 'ignore_ament_install']
[0.117s] Level 1:colcon.colcon_core.package_identification:_identify(.) by extension 'ignore'
[0.117s] Level 1:colcon.colcon_core.package_identification:_identify(.) by extension 'ignore_ament_install'
[0.117s] Level 1:colcon.colcon_core.package_identification:_identify(.) by extensions ['colcon_pkg']
[0.117s] Level 1:colcon.colcon_core.package_identification:_identify(.) by extension 'colcon_pkg'
[0.117s] Level 1:colcon.colcon_core.package_identification:_identify(.) by extensions ['colcon_meta']
[0.117s] Level 1:colcon.colcon_core.package_identification:_identify(.) by extension 'colcon_meta'
[0.117s] Level 1:colcon.colcon_core.package_identification:_identify(.) by extensions ['ros']
[0.117s] Level 1:colcon.colcon_core.package_identification:_identify(.) by extension 'ros'
[0.137s] Level 1:colcon.colcon_core.package_identification:_identify(.) by extensions ['cmake', 'python']
[0.137s] Level 1:colcon.colcon_core.package_identification:_identify(.) by extension 'cmake'
[0.137s] Level 1:colcon.colcon_core.package_identification:_identify(.) by extension 'python'
[0.137s] Level 1:colcon.colcon_core.package_identification:_identify(.) by extensions ['python_setup_py']
[0.137s] Level 1:colcon.colcon_core.package_identification:_identify(.) by extension 'python_setup_py'
[0.137s] Level 1:colcon.colcon_core.package_identification:_identify(Gazebo_Simulation_Videos) by extensions ['ignore', 'ignore_ament_install']
[0.137s] Level 1:colcon.colcon_core.package_identification:_identify(Gazebo_Simulation_Videos) by extension 'ignore'
[0.137s] Level 1:colcon.colcon_core.package_identification:_identify(Gazebo_Simulation_Videos) by extension 'ignore_ament_install'
[0.137s] Level 1:colcon.colcon_core.package_identification:_identify(Gazebo_Simulation_Videos) by extensions ['colcon_pkg']
[0.138s] Level 1:colcon.colcon_core.package_identification:_identify(Gazebo_Simulation_Videos) by extension 'colcon_pkg'
[0.138s] Level 1:colcon.colcon_core.package_identification:_identify(Gazebo_Simulation_Videos) by extensions ['colcon_meta']
[0.138s] Level 1:colcon.colcon_core.package_identification:_identify(Gazebo_Simulation_Videos) by extension 'colcon_meta'
[0.138s] Level 1:colcon.colcon_core.package_identification:_identify(Gazebo_Simulation_Videos) by extensions ['ros']
[0.138s] Level 1:colcon.colcon_core.package_identification:_identify(Gazebo_Simulation_Videos) by extension 'ros'
[0.138s] Level 1:colcon.colcon_core.package_identification:_identify(Gazebo_Simulation_Videos) by extensions ['cmake', 'python']
[0.138s] Level 1:colcon.colcon_core.package_identification:_identify(Gazebo_Simulation_Videos) by extension 'cmake'
[0.138s] Level 1:colcon.colcon_core.package_identification:_identify(Gazebo_Simulation_Videos) by extension 'python'
[0.138s] Level 1:colcon.colcon_core.package_identification:_identify(Gazebo_Simulation_Videos) by extensions ['python_setup_py']
[0.138s] Level 1:colcon.colcon_core.package_identification:_identify(Gazebo_Simulation_Videos) by extension 'python_setup_py'
[0.138s] Level 1:colcon.colcon_core.package_identification:_identify(build) by extensions ['ignore', 'ignore_ament_install']
[0.138s] Level 1:colcon.colcon_core.package_identification:_identify(build) by extension 'ignore'
[0.138s] Level 1:colcon.colcon_core.package_identification:_identify(build) ignored
[0.138s] Level 1:colcon.colcon_core.package_identification:_identify(install) by extensions ['ignore', 'ignore_ament_install']
[0.138s] Level 1:colcon.colcon_core.package_identification:_identify(install) by extension 'ignore'
[0.138s] Level 1:colcon.colcon_core.package_identification:_identify(install) ignored
[0.138s] Level 1:colcon.colcon_core.package_identification:_identify(log) by extensions ['ignore', 'ignore_ament_install']
[0.138s] Level 1:colcon.colcon_core.package_identification:_identify(log) by extension 'ignore'
[0.138s] Level 1:colcon.colcon_core.package_identification:_identify(log) ignored
[0.138s] Level 1:colcon.colcon_core.package_identification:_identify(src) by extensions ['ignore', 'ignore_ament_install']
[0.138s] Level 1:colcon.colcon_core.package_identification:_identify(src) by extension 'ignore'
[0.138s] Level 1:colcon.colcon_core.package_identification:_identify(src) by extension 'ignore_ament_install'
[0.138s] Level 1:colcon.colcon_core.package_identification:_identify(src) by extensions ['colcon_pkg']
[0.138s] Level 1:colcon.colcon_core.package_identification:_identify(src) by extension 'colcon_pkg'
[0.139s] Level 1:colcon.colcon_core.package_identification:_identify(src) by extensions ['colcon_meta']
[0.139s] Level 1:colcon.colcon_core.package_identification:_identify(src) by extension 'colcon_meta'
[0.139s] Level 1:colcon.colcon_core.package_identification:_identify(src) by extensions ['ros']
[0.139s] Level 1:colcon.colcon_core.package_identification:_identify(src) by extension 'ros'
[0.139s] Level 1:colcon.colcon_core.package_identification:_identify(src) by extensions ['cmake', 'python']
[0.139s] Level 1:colcon.colcon_core.package_identification:_identify(src) by extension 'cmake'
[0.139s] Level 1:colcon.colcon_core.package_identification:_identify(src) by extension 'python'
[0.139s] Level 1:colcon.colcon_core.package_identification:_identify(src) by extensions ['python_setup_py']
[0.139s] Level 1:colcon.colcon_core.package_identification:_identify(src) by extension 'python_setup_py'
[0.139s] Level 1:colcon.colcon_core.package_identification:_identify(src/controllers) by extensions ['ignore', 'ignore_ament_install']
[0.139s] Level 1:colcon.colcon_core.package_identification:_identify(src/controllers) by extension 'ignore'
[0.139s] Level 1:colcon.colcon_core.package_identification:_identify(src/controllers) by extension 'ignore_ament_install'
[0.139s] Level 1:colcon.colcon_core.package_identification:_identify(src/controllers) by extensions ['colcon_pkg']
[0.139s] Level 1:colcon.colcon_core.package_identification:_identify(src/controllers) by extension 'colcon_pkg'
[0.139s] Level 1:colcon.colcon_core.package_identification:_identify(src/controllers) by extensions ['colcon_meta']
[0.139s] Level 1:colcon.colcon_core.package_identification:_identify(src/controllers) by extension 'colcon_meta'
[0.139s] Level 1:colcon.colcon_core.package_identification:_identify(src/controllers) by extensions ['ros']
[0.139s] Level 1:colcon.colcon_core.package_identification:_identify(src/controllers) by extension 'ros'
[0.141s] DEBUG:colcon.colcon_core.package_identification:Package 'src/controllers' with type 'ros.ament_python' and name 'controllers'
[0.141s] Level 1:colcon.colcon_core.package_identification:_identify(src/my_robot_bringup) by extensions ['ignore', 'ignore_ament_install']
[0.141s] Level 1:colcon.colcon_core.package_identification:_identify(src/my_robot_bringup) by extension 'ignore'
[0.141s] Level 1:colcon.colcon_core.package_identification:_identify(src/my_robot_bringup) by extension 'ignore_ament_install'
[0.141s] Level 1:colcon.colcon_core.package_identification:_identify(src/my_robot_bringup) by extensions ['colcon_pkg']
[0.141s] Level 1:colcon.colcon_core.package_identification:_identify(src/my_robot_bringup) by extension 'colcon_pkg'
[0.141s] Level 1:colcon.colcon_core.package_identification:_identify(src/my_robot_bringup) by extensions ['colcon_meta']
[0.141s] Level 1:colcon.colcon_core.package_identification:_identify(src/my_robot_bringup) by extension 'colcon_meta'
[0.141s] Level 1:colcon.colcon_core.package_identification:_identify(src/my_robot_bringup) by extensions ['ros']
[0.141s] Level 1:colcon.colcon_core.package_identification:_identify(src/my_robot_bringup) by extension 'ros'
[0.142s] DEBUG:colcon.colcon_core.package_identification:Package 'src/my_robot_bringup' with type 'ros.ament_cmake' and name 'my_robot_bringup'
[0.142s] Level 1:colcon.colcon_core.package_identification:_identify(src/my_robot_description) by extensions ['ignore', 'ignore_ament_install']
[0.142s] Level 1:colcon.colcon_core.package_identification:_identify(src/my_robot_description) by extension 'ignore'
[0.142s] Level 1:colcon.colcon_core.package_identification:_identify(src/my_robot_description) by extension 'ignore_ament_install'
[0.142s] Level 1:colcon.colcon_core.package_identification:_identify(src/my_robot_description) by extensions ['colcon_pkg']
[0.142s] Level 1:colcon.colcon_core.package_identification:_identify(src/my_robot_description) by extension 'colcon_pkg'
[0.142s] Level 1:colcon.colcon_core.package_identification:_identify(src/my_robot_description) by extensions ['colcon_meta']
[0.142s] Level 1:colcon.colcon_core.package_identification:_identify(src/my_robot_description) by extension 'colcon_meta'
[0.142s] Level 1:colcon.colcon_core.package_identification:_identify(src/my_robot_description) by extensions ['ros']
[0.142s] Level 1:colcon.colcon_core.package_identification:_identify(src/my_robot_description) by extension 'ros'
[0.142s] DEBUG:colcon.colcon_core.package_identification:Package 'src/my_robot_description' with type 'ros.ament_cmake' and name 'my_robot_description'
[0.142s] Level 1:colcon.colcon_core.package_discovery:discover_packages(recursive) using defaults
[0.142s] Level 1:colcon.colcon_core.package_discovery:discover_packages(ignore) discover
[0.142s] Level 1:colcon.colcon_core.package_discovery:discover_packages(ignore) using defaults
[0.142s] Level 1:colcon.colcon_core.package_discovery:discover_packages(path) discover
[0.143s] Level 1:colcon.colcon_core.package_discovery:discover_packages(path) using defaults
[0.157s] Level 1:colcon.colcon_core.package_discovery:discover_packages(prefix_path) check parameters
[0.157s] Level 1:colcon.colcon_core.package_discovery:discover_packages(prefix_path) discover
[0.159s] DEBUG:colcon.colcon_installed_package_information.package_discovery:Found 3 installed packages in /home/labpc1/dflqp_unicycle_ws/install
[0.160s] DEBUG:colcon.colcon_installed_package_information.package_discovery:Found 320 installed packages in /opt/ros/jazzy
[0.161s] Level 1:colcon.colcon_core.package_discovery:discover_packages(prefix_path) using defaults
[0.195s] Level 5:colcon.colcon_core.verb:set package 'controllers' build argument 'cmake_args' from command line to 'None'
[0.195s] Level 5:colcon.colcon_core.verb:set package 'controllers' build argument 'cmake_target' from command line to 'None'
[0.195s] Level 5:colcon.colcon_core.verb:set package 'controllers' build argument 'cmake_target_skip_unavailable' from command line to 'False'
[0.195s] Level 5:colcon.colcon_core.verb:set package 'controllers' build argument 'cmake_clean_cache' from command line to 'False'
[0.195s] Level 5:colcon.colcon_core.verb:set package 'controllers' build argument 'cmake_clean_first' from command line to 'False'
[0.195s] Level 5:colcon.colcon_core.verb:set package 'controllers' build argument 'cmake_force_configure' from command line to 'False'
[0.195s] Level 5:colcon.colcon_core.verb:set package 'controllers' build argument 'ament_cmake_args' from command line to 'None'
[0.195s] Level 5:colcon.colcon_core.verb:set package 'controllers' build argument 'catkin_cmake_args' from command line to 'None'
[0.196s] Level 5:colcon.colcon_core.verb:set package 'controllers' build argument 'catkin_skip_building_tests' from command line to 'False'
[0.196s] DEBUG:colcon.colcon_core.verb:Building package 'controllers' with the following arguments: {'ament_cmake_args': None, 'build_base': '/home/labpc1/dflqp_unicycle_ws/build/controllers', 'catkin_cmake_args': None, 'catkin_skip_building_tests': False, 'cmake_args': None, 'cmake_clean_cache': False, 'cmake_clean_first': False, 'cmake_force_configure': False, 'cmake_target': None, 'cmake_target_skip_unavailable': False, 'install_base': '/home/labpc1/dflqp_unicycle_ws/install/controllers', 'merge_install': False, 'path': '/home/labpc1/dflqp_unicycle_ws/src/controllers', 'symlink_install': False, 'test_result_base': None}
[0.196s] Level 5:colcon.colcon_core.verb:set package 'my_robot_bringup' build argument 'cmake_args' from command line to 'None'
[0.196s] Level 5:colcon.colcon_core.verb:set package 'my_robot_bringup' build argument 'cmake_target' from command line to 'None'
[0.196s] Level 5:colcon.colcon_core.verb:set package 'my_robot_bringup' build argument 'cmake_target_skip_unavailable' from command line to 'False'
[0.196s] Level 5:colcon.colcon_core.verb:set package 'my_robot_bringup' build argument 'cmake_clean_cache' from command line to 'False'
[0.196s] Level 5:colcon.colcon_core.verb:set package 'my_robot_bringup' build argument 'cmake_clean_first' from command line to 'False'
[0.196s] Level 5:colcon.colcon_core.verb:set package 'my_robot_bringup' build argument 'cmake_force_configure' from command line to 'False'
[0.196s] Level 5:colcon.colcon_core.verb:set package 'my_robot_bringup' build argument 'ament_cmake_args' from command line to 'None'
[0.196s] Level 5:colcon.colcon_core.verb:set package 'my_robot_bringup' build argument 'catkin_cmake_args' from command line to 'None'
[0.196s] Level 5:colcon.colcon_core.verb:set package 'my_robot_bringup' build argument 'catkin_skip_building_tests' from command line to 'False'
[0.196s] DEBUG:colcon.colcon_core.verb:Building package 'my_robot_bringup' with the following arguments: {'ament_cmake_args': None, 'build_base': '/home/labpc1/dflqp_unicycle_ws/build/my_robot_bringup', 'catkin_cmake_args': None, 'catkin_skip_building_tests': False, 'cmake_args': None, 'cmake_clean_cache': False, 'cmake_clean_first': False, 'cmake_force_configure': False, 'cmake_target': None, 'cmake_target_skip_unavailable': False, 'install_base': '/home/labpc1/dflqp_unicycle_ws/install/my_robot_bringup', 'merge_install': False, 'path': '/home/labpc1/dflqp_unicycle_ws/src/my_robot_bringup', 'symlink_install': False, 'test_result_base': None}
[0.196s] Level 5:colcon.colcon_core.verb:set package 'my_robot_description' build argument 'cmake_args' from command line to 'None'
[0.196s] Level 5:colcon.colcon_core.verb:set package 'my_robot_description' build argument 'cmake_target' from command line to 'None'
[0.196s] Level 5:colcon.colcon_core.verb:set package 'my_robot_description' build argument 'cmake_target_skip_unavailable' from command line to 'False'
[0.196s] Level 5:colcon.colcon_core.verb:set package 'my_robot_description' build argument 'cmake_clean_cache' from command line to 'False'
[0.196s] Level 5:colcon.colcon_core.verb:set package 'my_robot_description' build argument 'cmake_clean_first' from command line to 'False'
[0.196s] Level 5:colcon.colcon_core.verb:set package 'my_robot_description' build argument 'cmake_force_configure' from command line to 'False'
[0.196s] Level 5:colcon.colcon_core.verb:set package 'my_robot_description' build argument 'ament_cmake_args' from command line to 'None'
[0.196s] Level 5:colcon.colcon_core.verb:set package 'my_robot_description' build argument 'catkin_cmake_args' from command line to 'None'
[0.196s] Level 5:colcon.colcon_core.verb:set package 'my_robot_description' build argument 'catkin_skip_building_tests' from command line to 'False'
[0.196s] DEBUG:colcon.colcon_core.verb:Building package 'my_robot_description' with the following arguments: {'ament_cmake_args': None, 'build_base': '/home/labpc1/dflqp_unicycle_ws/build/my_robot_description', 'catkin_cmake_args': None, 'catkin_skip_building_tests': False, 'cmake_args': None, 'cmake_clean_cache': False, 'cmake_clean_first': False, 'cmake_force_configure': False, 'cmake_target': None, 'cmake_target_skip_unavailable': False, 'install_base': '/home/labpc1/dflqp_unicycle_ws/install/my_robot_description', 'merge_install': False, 'path': '/home/labpc1/dflqp_unicycle_ws/src/my_robot_description', 'symlink_install': False, 'test_result_base': None}
[0.196s] INFO:colcon.colcon_core.executor:Executing jobs using 'parallel' executor
[0.197s] DEBUG:colcon.colcon_parallel_executor.executor.parallel:run_until_complete
[0.197s] INFO:colcon.colcon_ros.task.ament_python.build:Building ROS package in '/home/labpc1/dflqp_unicycle_ws/src/controllers' with build type 'ament_python'
[0.197s] Level 1:colcon.colcon_core.shell:create_environment_hook('controllers', 'ament_prefix_path')
[0.199s] INFO:colcon.colcon_core.plugin_system:Skipping extension 'colcon_core.shell.bat': Not used on non-Windows systems
[0.199s] INFO:colcon.colcon_core.shell:Creating environment hook '/home/labpc1/dflqp_unicycle_ws/install/controllers/share/controllers/hook/ament_prefix_path.ps1'
[0.199s] INFO:colcon.colcon_core.shell:Creating environment descriptor '/home/labpc1/dflqp_unicycle_ws/install/controllers/share/controllers/hook/ament_prefix_path.dsv'
[0.200s] INFO:colcon.colcon_core.shell:Creating environment hook '/home/labpc1/dflqp_unicycle_ws/install/controllers/share/controllers/hook/ament_prefix_path.sh'
[0.200s] INFO:colcon.colcon_core.shell:Skip shell extension 'powershell' for command environment: Not usable outside of PowerShell
[0.200s] DEBUG:colcon.colcon_core.shell:Skip shell extension 'dsv' for command environment
[0.203s] INFO:colcon.colcon_ros.task.ament_cmake.build:Building ROS package in '/home/labpc1/dflqp_unicycle_ws/src/my_robot_bringup' with build type 'ament_cmake'
[0.203s] INFO:colcon.colcon_cmake.task.cmake.build:Building CMake package in '/home/labpc1/dflqp_unicycle_ws/src/my_robot_bringup'
[0.203s] INFO:colcon.colcon_core.shell:Skip shell extension 'powershell' for command environment: Not usable outside of PowerShell
[0.203s] DEBUG:colcon.colcon_core.shell:Skip shell extension 'dsv' for command environment
[0.205s] INFO:colcon.colcon_ros.task.ament_cmake.build:Building ROS package in '/home/labpc1/dflqp_unicycle_ws/src/my_robot_description' with build type 'ament_cmake'
[0.205s] INFO:colcon.colcon_cmake.task.cmake.build:Building CMake package in '/home/labpc1/dflqp_unicycle_ws/src/my_robot_description'
[0.205s] INFO:colcon.colcon_core.shell:Skip shell extension 'powershell' for command environment: Not usable outside of PowerShell
[0.205s] DEBUG:colcon.colcon_core.shell:Skip shell extension 'dsv' for command environment
[0.370s] INFO:colcon.colcon_core.task.python.build:Building Python package in '/home/labpc1/dflqp_unicycle_ws/src/controllers'
[0.370s] INFO:colcon.colcon_core.shell:Skip shell extension 'powershell' for command environment: Not usable outside of PowerShell
[0.371s] DEBUG:colcon.colcon_core.shell:Skip shell extension 'dsv' for command environment
[0.376s] DEBUG:colcon.colcon_core.event_handler.log_command:Invoking command in '/home/labpc1/dflqp_unicycle_ws/build/my_robot_bringup': CMAKE_PREFIX_PATH=${CMAKE_PREFIX_PATH}:/home/labpc1/dflqp_unicycle_ws/install/controllers:/opt/ros/jazzy CONDA_PROMPT_MODIFIER=(base) DEBUGINFOD_URLS=https://debuginfod.ubuntu.com /usr/bin/cmake --build /home/labpc1/dflqp_unicycle_ws/build/my_robot_bringup -- -j16 -l16
[0.378s] DEBUG:colcon.colcon_core.event_handler.log_command:Invoking command in '/home/labpc1/dflqp_unicycle_ws/build/my_robot_description': CMAKE_PREFIX_PATH=${CMAKE_PREFIX_PATH}:/home/labpc1/dflqp_unicycle_ws/install/controllers:/opt/ros/jazzy CONDA_PROMPT_MODIFIER=(base) DEBUGINFOD_URLS=https://debuginfod.ubuntu.com /usr/bin/cmake --build /home/labpc1/dflqp_unicycle_ws/build/my_robot_description -- -j16 -l16
[0.417s] DEBUG:colcon.colcon_core.event_handler.log_command:Invoked command in '/home/labpc1/dflqp_unicycle_ws/build/my_robot_description' returned '0': CMAKE_PREFIX_PATH=${CMAKE_PREFIX_PATH}:/home/labpc1/dflqp_unicycle_ws/install/controllers:/opt/ros/jazzy CONDA_PROMPT_MODIFIER=(base) DEBUGINFOD_URLS=https://debuginfod.ubuntu.com /usr/bin/cmake --build /home/labpc1/dflqp_unicycle_ws/build/my_robot_description -- -j16 -l16
[0.426s] DEBUG:colcon.colcon_core.event_handler.log_command:Invoking command in '/home/labpc1/dflqp_unicycle_ws/build/my_robot_description': CMAKE_PREFIX_PATH=${CMAKE_PREFIX_PATH}:/home/labpc1/dflqp_unicycle_ws/install/controllers:/opt/ros/jazzy CONDA_PROMPT_MODIFIER=(base) DEBUGINFOD_URLS=https://debuginfod.ubuntu.com /usr/bin/cmake --install /home/labpc1/dflqp_unicycle_ws/build/my_robot_description
[0.426s] DEBUG:colcon.colcon_core.event_handler.log_command:Invoked command in '/home/labpc1/dflqp_unicycle_ws/build/my_robot_bringup' returned '0': CMAKE_PREFIX_PATH=${CMAKE_PREFIX_PATH}:/home/labpc1/dflqp_unicycle_ws/install/controllers:/opt/ros/jazzy CONDA_PROMPT_MODIFIER=(base) DEBUGINFOD_URLS=https://debuginfod.ubuntu.com /usr/bin/cmake --build /home/labpc1/dflqp_unicycle_ws/build/my_robot_bringup -- -j16 -l16
[0.427s] DEBUG:colcon.colcon_core.event_handler.log_command:Invoking command in '/home/labpc1/dflqp_unicycle_ws/build/my_robot_bringup': CMAKE_PREFIX_PATH=${CMAKE_PREFIX_PATH}:/home/labpc1/dflqp_unicycle_ws/install/controllers:/opt/ros/jazzy CONDA_PROMPT_MODIFIER=(base) DEBUGINFOD_URLS=https://debuginfod.ubuntu.com /usr/bin/cmake --install /home/labpc1/dflqp_unicycle_ws/build/my_robot_bringup
[0.436s] Level 1:colcon.colcon_core.environment:create_environment_scripts_only(my_robot_description)
[0.436s] DEBUG:colcon.colcon_core.event_handler.log_command:Invoked command in '/home/labpc1/dflqp_unicycle_ws/build/my_robot_description' returned '0': CMAKE_PREFIX_PATH=${CMAKE_PREFIX_PATH}:/home/labpc1/dflqp_unicycle_ws/install/controllers:/opt/ros/jazzy CONDA_PROMPT_MODIFIER=(base) DEBUGINFOD_URLS=https://debuginfod.ubuntu.com /usr/bin/cmake --install /home/labpc1/dflqp_unicycle_ws/build/my_robot_description
[0.437s] Level 1:colcon.colcon_core.environment:checking '/home/labpc1/dflqp_unicycle_ws/install/my_robot_description' for CMake module files
[0.438s] Level 1:colcon.colcon_core.environment:checking '/home/labpc1/dflqp_unicycle_ws/install/my_robot_description' for CMake config files
[0.438s] Level 1:colcon.colcon_core.shell:create_environment_hook('my_robot_description', 'cmake_prefix_path')
[0.438s] INFO:colcon.colcon_core.shell:Creating environment hook '/home/labpc1/dflqp_unicycle_ws/install/my_robot_description/share/my_robot_description/hook/cmake_prefix_path.ps1'
[0.439s] INFO:colcon.colcon_core.shell:Creating environment descriptor '/home/labpc1/dflqp_unicycle_ws/install/my_robot_description/share/my_robot_description/hook/cmake_prefix_path.dsv'
[0.439s] INFO:colcon.colcon_core.shell:Creating environment hook '/home/labpc1/dflqp_unicycle_ws/install/my_robot_description/share/my_robot_description/hook/cmake_prefix_path.sh'
[0.439s] Level 1:colcon.colcon_core.environment:checking '/home/labpc1/dflqp_unicycle_ws/install/my_robot_description/bin'
[0.439s] Level 1:colcon.colcon_core.environment:checking '/home/labpc1/dflqp_unicycle_ws/install/my_robot_description/lib/pkgconfig/my_robot_description.pc'
[0.439s] Level 1:colcon.colcon_core.environment:checking '/home/labpc1/dflqp_unicycle_ws/install/my_robot_description/lib/python3.12/site-packages'
[0.440s] Level 1:colcon.colcon_core.environment:checking '/home/labpc1/dflqp_unicycle_ws/install/my_robot_description/bin'
[0.440s] INFO:colcon.colcon_core.shell:Creating package script '/home/labpc1/dflqp_unicycle_ws/install/my_robot_description/share/my_robot_description/package.ps1'
[0.440s] INFO:colcon.colcon_core.shell:Creating package descriptor '/home/labpc1/dflqp_unicycle_ws/install/my_robot_description/share/my_robot_description/package.dsv'
[0.440s] INFO:colcon.colcon_core.shell:Creating package script '/home/labpc1/dflqp_unicycle_ws/install/my_robot_description/share/my_robot_description/package.sh'
[0.441s] INFO:colcon.colcon_core.shell:Creating package script '/home/labpc1/dflqp_unicycle_ws/install/my_robot_description/share/my_robot_description/package.bash'
[0.441s] INFO:colcon.colcon_core.shell:Creating package script '/home/labpc1/dflqp_unicycle_ws/install/my_robot_description/share/my_robot_description/package.zsh'
[0.442s] Level 1:colcon.colcon_core.environment:create_file_with_runtime_dependencies(/home/labpc1/dflqp_unicycle_ws/install/my_robot_description/share/colcon-core/packages/my_robot_description)
[0.442s] Level 1:colcon.colcon_core.environment:create_environment_scripts_only(my_robot_description)
[0.442s] Level 1:colcon.colcon_core.environment:checking '/home/labpc1/dflqp_unicycle_ws/install/my_robot_description' for CMake module files
[0.443s] Level 1:colcon.colcon_core.environment:checking '/home/labpc1/dflqp_unicycle_ws/install/my_robot_description' for CMake config files
[0.443s] Level 1:colcon.colcon_core.shell:create_environment_hook('my_robot_description', 'cmake_prefix_path')
[0.443s] INFO:colcon.colcon_core.shell:Creating environment hook '/home/labpc1/dflqp_unicycle_ws/install/my_robot_description/share/my_robot_description/hook/cmake_prefix_path.ps1'
[0.443s] INFO:colcon.colcon_core.shell:Creating environment descriptor '/home/labpc1/dflqp_unicycle_ws/install/my_robot_description/share/my_robot_description/hook/cmake_prefix_path.dsv'
[0.443s] INFO:colcon.colcon_core.shell:Creating environment hook '/home/labpc1/dflqp_unicycle_ws/install/my_robot_description/share/my_robot_description/hook/cmake_prefix_path.sh'
[0.444s] Level 1:colcon.colcon_core.environment:checking '/home/labpc1/dflqp_unicycle_ws/install/my_robot_description/bin'
[0.444s] Level 1:colcon.colcon_core.environment:checking '/home/labpc1/dflqp_unicycle_ws/install/my_robot_description/lib/pkgconfig/my_robot_description.pc'
[0.444s] Level 1:colcon.colcon_core.environment:checking '/home/labpc1/dflqp_unicycle_ws/install/my_robot_description/lib/python3.12/site-packages'
[0.444s] Level 1:colcon.colcon_core.environment:checking '/home/labpc1/dflqp_unicycle_ws/install/my_robot_description/bin'
[0.444s] INFO:colcon.colcon_core.shell:Creating package script '/home/labpc1/dflqp_unicycle_ws/install/my_robot_description/share/my_robot_description/package.ps1'
[0.445s] INFO:colcon.colcon_core.shell:Creating package descriptor '/home/labpc1/dflqp_unicycle_ws/install/my_robot_description/share/my_robot_description/package.dsv'
[0.445s] INFO:colcon.colcon_core.shell:Creating package script '/home/labpc1/dflqp_unicycle_ws/install/my_robot_description/share/my_robot_description/package.sh'
[0.445s] INFO:colcon.colcon_core.shell:Creating package script '/home/labpc1/dflqp_unicycle_ws/install/my_robot_description/share/my_robot_description/package.bash'
[0.446s] INFO:colcon.colcon_core.shell:Creating package script '/home/labpc1/dflqp_unicycle_ws/install/my_robot_description/share/my_robot_description/package.zsh'
[0.446s] Level 1:colcon.colcon_core.environment:create_file_with_runtime_dependencies(/home/labpc1/dflqp_unicycle_ws/install/my_robot_description/share/colcon-core/packages/my_robot_description)
[0.446s] Level 1:colcon.colcon_core.environment:create_environment_scripts_only(my_robot_bringup)
[0.447s] Level 1:colcon.colcon_core.environment:checking '/home/labpc1/dflqp_unicycle_ws/install/my_robot_bringup' for CMake module files
[0.447s] DEBUG:colcon.colcon_core.event_handler.log_command:Invoked command in '/home/labpc1/dflqp_unicycle_ws/build/my_robot_bringup' returned '0': CMAKE_PREFIX_PATH=${CMAKE_PREFIX_PATH}:/home/labpc1/dflqp_unicycle_ws/install/controllers:/opt/ros/jazzy CONDA_PROMPT_MODIFIER=(base) DEBUGINFOD_URLS=https://debuginfod.ubuntu.com /usr/bin/cmake --install /home/labpc1/dflqp_unicycle_ws/build/my_robot_bringup
[0.447s] Level 1:colcon.colcon_core.environment:checking '/home/labpc1/dflqp_unicycle_ws/install/my_robot_bringup' for CMake config files
[0.447s] Level 1:colcon.colcon_core.shell:create_environment_hook('my_robot_bringup', 'cmake_prefix_path')
[0.448s] INFO:colcon.colcon_core.shell:Creating environment hook '/home/labpc1/dflqp_unicycle_ws/install/my_robot_bringup/share/my_robot_bringup/hook/cmake_prefix_path.ps1'
[0.448s] INFO:colcon.colcon_core.shell:Creating environment descriptor '/home/labpc1/dflqp_unicycle_ws/install/my_robot_bringup/share/my_robot_bringup/hook/cmake_prefix_path.dsv'
[0.448s] INFO:colcon.colcon_core.shell:Creating environment hook '/home/labpc1/dflqp_unicycle_ws/install/my_robot_bringup/share/my_robot_bringup/hook/cmake_prefix_path.sh'
[0.448s] Level 1:colcon.colcon_core.environment:checking '/home/labpc1/dflqp_unicycle_ws/install/my_robot_bringup/bin'
[0.449s] Level 1:colcon.colcon_core.environment:checking '/home/labpc1/dflqp_unicycle_ws/install/my_robot_bringup/lib/pkgconfig/my_robot_bringup.pc'
[0.449s] Level 1:colcon.colcon_core.environment:checking '/home/labpc1/dflqp_unicycle_ws/install/my_robot_bringup/lib/python3.12/site-packages'
[0.449s] Level 1:colcon.colcon_core.environment:checking '/home/labpc1/dflqp_unicycle_ws/install/my_robot_bringup/bin'
[0.449s] INFO:colcon.colcon_core.shell:Creating package script '/home/labpc1/dflqp_unicycle_ws/install/my_robot_bringup/share/my_robot_bringup/package.ps1'
[0.449s] INFO:colcon.colcon_core.shell:Creating package descriptor '/home/labpc1/dflqp_unicycle_ws/install/my_robot_bringup/share/my_robot_bringup/package.dsv'
[0.450s] INFO:colcon.colcon_core.shell:Creating package script '/home/labpc1/dflqp_unicycle_ws/install/my_robot_bringup/share/my_robot_bringup/package.sh'
[0.450s] INFO:colcon.colcon_core.shell:Creating package script '/home/labpc1/dflqp_unicycle_ws/install/my_robot_bringup/share/my_robot_bringup/package.bash'
[0.450s] INFO:colcon.colcon_core.shell:Creating package script '/home/labpc1/dflqp_unicycle_ws/install/my_robot_bringup/share/my_robot_bringup/package.zsh'
[0.450s] Level 1:colcon.colcon_core.environment:create_file_with_runtime_dependencies(/home/labpc1/dflqp_unicycle_ws/install/my_robot_bringup/share/colcon-core/packages/my_robot_bringup)
[0.451s] Level 1:colcon.colcon_core.environment:create_environment_scripts_only(my_robot_bringup)
[0.451s] Level 1:colcon.colcon_core.environment:checking '/home/labpc1/dflqp_unicycle_ws/install/my_robot_bringup' for CMake module files
[0.451s] Level 1:colcon.colcon_core.environment:checking '/home/labpc1/dflqp_unicycle_ws/install/my_robot_bringup' for CMake config files
[0.451s] Level 1:colcon.colcon_core.shell:create_environment_hook('my_robot_bringup', 'cmake_prefix_path')
[0.451s] INFO:colcon.colcon_core.shell:Creating environment hook '/home/labpc1/dflqp_unicycle_ws/install/my_robot_bringup/share/my_robot_bringup/hook/cmake_prefix_path.ps1'
[0.452s] INFO:colcon.colcon_core.shell:Creating environment descriptor '/home/labpc1/dflqp_unicycle_ws/install/my_robot_bringup/share/my_robot_bringup/hook/cmake_prefix_path.dsv'
[0.452s] INFO:colcon.colcon_core.shell:Creating environment hook '/home/labpc1/dflqp_unicycle_ws/install/my_robot_bringup/share/my_robot_bringup/hook/cmake_prefix_path.sh'
[0.452s] Level 1:colcon.colcon_core.environment:checking '/home/labpc1/dflqp_unicycle_ws/install/my_robot_bringup/bin'
[0.452s] Level 1:colcon.colcon_core.environment:checking '/home/labpc1/dflqp_unicycle_ws/install/my_robot_bringup/lib/pkgconfig/my_robot_bringup.pc'
[0.453s] Level 1:colcon.colcon_core.environment:checking '/home/labpc1/dflqp_unicycle_ws/install/my_robot_bringup/lib/python3.12/site-packages'
[0.453s] Level 1:colcon.colcon_core.environment:checking '/home/labpc1/dflqp_unicycle_ws/install/my_robot_bringup/bin'
[0.453s] INFO:colcon.colcon_core.shell:Creating package script '/home/labpc1/dflqp_unicycle_ws/install/my_robot_bringup/share/my_robot_bringup/package.ps1'
[0.453s] INFO:colcon.colcon_core.shell:Creating package descriptor '/home/labpc1/dflqp_unicycle_ws/install/my_robot_bringup/share/my_robot_bringup/package.dsv'
[0.454s] INFO:colcon.colcon_core.shell:Creating package script '/home/labpc1/dflqp_unicycle_ws/install/my_robot_bringup/share/my_robot_bringup/package.sh'
[0.454s] INFO:colcon.colcon_core.shell:Creating package script '/home/labpc1/dflqp_unicycle_ws/install/my_robot_bringup/share/my_robot_bringup/package.bash'
[0.455s] INFO:colcon.colcon_core.shell:Creating package script '/home/labpc1/dflqp_unicycle_ws/install/my_robot_bringup/share/my_robot_bringup/package.zsh'
[0.455s] Level 1:colcon.colcon_core.environment:create_file_with_runtime_dependencies(/home/labpc1/dflqp_unicycle_ws/install/my_robot_bringup/share/colcon-core/packages/my_robot_bringup)
[0.845s] DEBUG:colcon.colcon_core.event_handler.log_command:Invoking command in '/home/labpc1/dflqp_unicycle_ws/src/controllers': CONDA_PROMPT_MODIFIER=(base) DEBUGINFOD_URLS=https://debuginfod.ubuntu.com PYTHONPATH=/home/labpc1/dflqp_unicycle_ws/build/controllers/prefix_override:/usr/lib/python3/dist-packages/colcon_core/task/python/colcon_distutils_commands:/home/labpc1/dflqp_unicycle_ws/install/controllers/lib/python3.12/site-packages:${PYTHONPATH} /usr/bin/python3 -W ignore:setup.py install is deprecated -W ignore:easy_install command is deprecated setup.py egg_info --egg-base ../../build/controllers build --build-base /home/labpc1/dflqp_unicycle_ws/build/controllers/build install --record /home/labpc1/dflqp_unicycle_ws/build/controllers/install.log --single-version-externally-managed install_data
[1.270s] Level 1:colcon.colcon_core.environment:checking '/home/labpc1/dflqp_unicycle_ws/install/controllers' for CMake module files
[1.271s] DEBUG:colcon.colcon_core.event_handler.log_command:Invoked command in '/home/labpc1/dflqp_unicycle_ws/src/controllers' returned '0': CONDA_PROMPT_MODIFIER=(base) DEBUGINFOD_URLS=https://debuginfod.ubuntu.com PYTHONPATH=/home/labpc1/dflqp_unicycle_ws/build/controllers/prefix_override:/usr/lib/python3/dist-packages/colcon_core/task/python/colcon_distutils_commands:/home/labpc1/dflqp_unicycle_ws/install/controllers/lib/python3.12/site-packages:${PYTHONPATH} /usr/bin/python3 -W ignore:setup.py install is deprecated -W ignore:easy_install command is deprecated setup.py egg_info --egg-base ../../build/controllers build --build-base /home/labpc1/dflqp_unicycle_ws/build/controllers/build install --record /home/labpc1/dflqp_unicycle_ws/build/controllers/install.log --single-version-externally-managed install_data
[1.271s] Level 1:colcon.colcon_core.environment:checking '/home/labpc1/dflqp_unicycle_ws/install/controllers' for CMake config files
[1.272s] Level 1:colcon.colcon_core.environment:checking '/home/labpc1/dflqp_unicycle_ws/install/controllers/lib'
[1.272s] Level 1:colcon.colcon_core.environment:checking '/home/labpc1/dflqp_unicycle_ws/install/controllers/bin'
[1.272s] Level 1:colcon.colcon_core.environment:checking '/home/labpc1/dflqp_unicycle_ws/install/controllers/lib/pkgconfig/controllers.pc'
[1.272s] Level 1:colcon.colcon_core.environment:checking '/home/labpc1/dflqp_unicycle_ws/install/controllers/lib/python3.12/site-packages'
[1.272s] Level 1:colcon.colcon_core.shell:create_environment_hook('controllers', 'pythonpath')
[1.273s] INFO:colcon.colcon_core.shell:Creating environment hook '/home/labpc1/dflqp_unicycle_ws/install/controllers/share/controllers/hook/pythonpath.ps1'
[1.273s] INFO:colcon.colcon_core.shell:Creating environment descriptor '/home/labpc1/dflqp_unicycle_ws/install/controllers/share/controllers/hook/pythonpath.dsv'
[1.273s] INFO:colcon.colcon_core.shell:Creating environment hook '/home/labpc1/dflqp_unicycle_ws/install/controllers/share/controllers/hook/pythonpath.sh'
[1.274s] Level 1:colcon.colcon_core.environment:checking '/home/labpc1/dflqp_unicycle_ws/install/controllers/bin'
[1.274s] Level 1:colcon.colcon_core.environment:create_environment_scripts_only(controllers)
[1.274s] INFO:colcon.colcon_core.shell:Creating package script '/home/labpc1/dflqp_unicycle_ws/install/controllers/share/controllers/package.ps1'
[1.274s] INFO:colcon.colcon_core.shell:Creating package descriptor '/home/labpc1/dflqp_unicycle_ws/install/controllers/share/controllers/package.dsv'
[1.274s] INFO:colcon.colcon_core.shell:Creating package script '/home/labpc1/dflqp_unicycle_ws/install/controllers/share/controllers/package.sh'
[1.275s] INFO:colcon.colcon_core.shell:Creating package script '/home/labpc1/dflqp_unicycle_ws/install/controllers/share/controllers/package.bash'
[1.275s] INFO:colcon.colcon_core.shell:Creating package script '/home/labpc1/dflqp_unicycle_ws/install/controllers/share/controllers/package.zsh'
[1.275s] Level 1:colcon.colcon_core.environment:create_file_with_runtime_dependencies(/home/labpc1/dflqp_unicycle_ws/install/controllers/share/colcon-core/packages/controllers)
[1.275s] DEBUG:colcon.colcon_parallel_executor.executor.parallel:closing loop
[1.275s] DEBUG:colcon.colcon_parallel_executor.executor.parallel:loop closed
[1.275s] DEBUG:colcon.colcon_parallel_executor.executor.parallel:run_until_complete finished with '0'
[1.276s] DEBUG:colcon.colcon_core.event_reactor:joining thread
[1.280s] INFO:colcon.colcon_core.plugin_system:Skipping extension 'colcon_notification.desktop_notification.terminal_notifier': Not used on non-Darwin systems
[1.280s] INFO:colcon.colcon_core.plugin_system:Skipping extension 'colcon_notification.desktop_notification.win32': Not used on non-Windows systems
[1.280s] INFO:colcon.colcon_notification.desktop_notification:Sending desktop notification using 'notify2'
[1.301s] DEBUG:colcon.colcon_core.event_reactor:joined thread
[1.302s] INFO:colcon.colcon_core.shell:Creating prefix script '/home/labpc1/dflqp_unicycle_ws/install/local_setup.ps1'
[1.302s] INFO:colcon.colcon_core.shell:Creating prefix util module '/home/labpc1/dflqp_unicycle_ws/install/_local_setup_util_ps1.py'
[1.303s] INFO:colcon.colcon_core.shell:Creating prefix chain script '/home/labpc1/dflqp_unicycle_ws/install/setup.ps1'
[1.304s] INFO:colcon.colcon_core.shell:Creating prefix script '/home/labpc1/dflqp_unicycle_ws/install/local_setup.sh'
[1.304s] INFO:colcon.colcon_core.shell:Creating prefix util module '/home/labpc1/dflqp_unicycle_ws/install/_local_setup_util_sh.py'
[1.304s] INFO:colcon.colcon_core.shell:Creating prefix chain script '/home/labpc1/dflqp_unicycle_ws/install/setup.sh'
[1.305s] INFO:colcon.colcon_core.shell:Creating prefix script '/home/labpc1/dflqp_unicycle_ws/install/local_setup.bash'
[1.305s] INFO:colcon.colcon_core.shell:Creating prefix chain script '/home/labpc1/dflqp_unicycle_ws/install/setup.bash'
[1.306s] INFO:colcon.colcon_core.shell:Creating prefix script '/home/labpc1/dflqp_unicycle_ws/install/local_setup.zsh'
[1.306s] INFO:colcon.colcon_core.shell:Creating prefix chain script '/home/labpc1/dflqp_unicycle_ws/install/setup.zsh'
