[0.146s] Invoking command in '/home/labpc1/dflqp_unicycle_ws/build/my_robot_bringup': CMAKE_PREFIX_PATH=${CMAKE_PREFIX_PATH}:/opt/ros/jazzy CONDA_PROMPT_MODIFIER=(base) DEBUGINFOD_URLS=https://debuginfod.ubuntu.com /usr/bin/cmake /home/labpc1/dflqp_unicycle_ws/src/my_robot_bringup -DCMAKE_INSTALL_PREFIX=/home/labpc1/dflqp_unicycle_ws/install/my_robot_bringup
[0.183s] -- The C compiler identification is GNU 13.3.0
[0.221s] -- The CXX compiler identification is GNU 13.3.0
[0.232s] -- Detecting C compiler ABI info
[0.291s] -- Detecting C compiler ABI info - done
[0.297s] -- Check for working C compiler: /usr/bin/cc - skipped
[0.297s] -- Detecting C compile features
[0.298s] -- Detecting C compile features - done
[0.304s] -- Detecting CXX compiler ABI info
[0.371s] -- Detecting CXX compiler ABI info - done
[0.377s] -- Check for working CXX compiler: /usr/bin/c++ - skipped
[0.378s] -- Detecting CXX compile features
[0.378s] -- Detecting CXX compile features - done
[0.380s] -- Found ament_cmake: 2.5.4 (/opt/ros/jazzy/share/ament_cmake/cmake)
[0.500s] -- Found Python3: /home/labpc1/miniconda3/bin/python3 (found version "3.13.2") found components: Interpreter 
[0.670s] -- Configuring done (0.5s)
[0.672s] -- Generating done (0.0s)
[0.672s] -- Build files have been written to: /home/labpc1/dflqp_unicycle_ws/build/my_robot_bringup
[0.677s] Invoked command in '/home/labpc1/dflqp_unicycle_ws/build/my_robot_bringup' returned '0': CMAKE_PREFIX_PATH=${CMAKE_PREFIX_PATH}:/opt/ros/jazzy CONDA_PROMPT_MODIFIER=(base) DEBUGINFOD_URLS=https://debuginfod.ubuntu.com /usr/bin/cmake /home/labpc1/dflqp_unicycle_ws/src/my_robot_bringup -DCMAKE_INSTALL_PREFIX=/home/labpc1/dflqp_unicycle_ws/install/my_robot_bringup
[0.678s] Invoking command in '/home/labpc1/dflqp_unicycle_ws/build/my_robot_bringup': CMAKE_PREFIX_PATH=${CMAKE_PREFIX_PATH}:/opt/ros/jazzy CONDA_PROMPT_MODIFIER=(base) DEBUGINFOD_URLS=https://debuginfod.ubuntu.com /usr/bin/cmake --build /home/labpc1/dflqp_unicycle_ws/build/my_robot_bringup -- -j16 -l16
[0.705s] Invoked command in '/home/labpc1/dflqp_unicycle_ws/build/my_robot_bringup' returned '0': CMAKE_PREFIX_PATH=${CMAKE_PREFIX_PATH}:/opt/ros/jazzy CONDA_PROMPT_MODIFIER=(base) DEBUGINFOD_URLS=https://debuginfod.ubuntu.com /usr/bin/cmake --build /home/labpc1/dflqp_unicycle_ws/build/my_robot_bringup -- -j16 -l16
[0.712s] Invoking command in '/home/labpc1/dflqp_unicycle_ws/build/my_robot_bringup': CMAKE_PREFIX_PATH=${CMAKE_PREFIX_PATH}:/opt/ros/jazzy CONDA_PROMPT_MODIFIER=(base) DEBUGINFOD_URLS=https://debuginfod.ubuntu.com /usr/bin/cmake --install /home/labpc1/dflqp_unicycle_ws/build/my_robot_bringup
[0.718s] -- Install configuration: ""
[0.718s] -- Installing: /home/labpc1/dflqp_unicycle_ws/install/my_robot_bringup/share/my_robot_bringup//launch
[0.718s] -- Installing: /home/labpc1/dflqp_unicycle_ws/install/my_robot_bringup/share/my_robot_bringup//launch/my_robot_gazebo.launch.xml
[0.718s] -- Installing: /home/labpc1/dflqp_unicycle_ws/install/my_robot_bringup/share/my_robot_bringup//config
[0.718s] -- Installing: /home/labpc1/dflqp_unicycle_ws/install/my_robot_bringup/share/my_robot_bringup//config/gazebo_bridge.yaml
[0.719s] -- Installing: /home/labpc1/dflqp_unicycle_ws/install/my_robot_bringup/share/ament_index/resource_index/package_run_dependencies/my_robot_bringup
[0.719s] -- Installing: /home/labpc1/dflqp_unicycle_ws/install/my_robot_bringup/share/ament_index/resource_index/parent_prefix_path/my_robot_bringup
[0.719s] -- Installing: /home/labpc1/dflqp_unicycle_ws/install/my_robot_bringup/share/my_robot_bringup/environment/ament_prefix_path.sh
[0.719s] -- Installing: /home/labpc1/dflqp_unicycle_ws/install/my_robot_bringup/share/my_robot_bringup/environment/ament_prefix_path.dsv
[0.719s] -- Installing: /home/labpc1/dflqp_unicycle_ws/install/my_robot_bringup/share/my_robot_bringup/environment/path.sh
[0.719s] -- Installing: /home/labpc1/dflqp_unicycle_ws/install/my_robot_bringup/share/my_robot_bringup/environment/path.dsv
[0.719s] -- Installing: /home/labpc1/dflqp_unicycle_ws/install/my_robot_bringup/share/my_robot_bringup/local_setup.bash
[0.719s] -- Installing: /home/labpc1/dflqp_unicycle_ws/install/my_robot_bringup/share/my_robot_bringup/local_setup.sh
[0.719s] -- Installing: /home/labpc1/dflqp_unicycle_ws/install/my_robot_bringup/share/my_robot_bringup/local_setup.zsh
[0.719s] -- Installing: /home/labpc1/dflqp_unicycle_ws/install/my_robot_bringup/share/my_robot_bringup/local_setup.dsv
[0.719s] -- Installing: /home/labpc1/dflqp_unicycle_ws/install/my_robot_bringup/share/my_robot_bringup/package.dsv
[0.720s] -- Installing: /home/labpc1/dflqp_unicycle_ws/install/my_robot_bringup/share/ament_index/resource_index/packages/my_robot_bringup
[0.720s] -- Installing: /home/labpc1/dflqp_unicycle_ws/install/my_robot_bringup/share/my_robot_bringup/cmake/my_robot_bringupConfig.cmake
[0.720s] -- Installing: /home/labpc1/dflqp_unicycle_ws/install/my_robot_bringup/share/my_robot_bringup/cmake/my_robot_bringupConfig-version.cmake
[0.720s] -- Installing: /home/labpc1/dflqp_unicycle_ws/install/my_robot_bringup/share/my_robot_bringup/package.xml
[0.721s] Invoked command in '/home/labpc1/dflqp_unicycle_ws/build/my_robot_bringup' returned '0': CMAKE_PREFIX_PATH=${CMAKE_PREFIX_PATH}:/opt/ros/jazzy CONDA_PROMPT_MODIFIER=(base) DEBUGINFOD_URLS=https://debuginfod.ubuntu.com /usr/bin/cmake --install /home/labpc1/dflqp_unicycle_ws/build/my_robot_bringup
