running egg_info
writing ../../build/controllers/controllers.egg-info/PKG-INFO
writing dependency_links to ../../build/controllers/controllers.egg-info/dependency_links.txt
writing entry points to ../../build/controllers/controllers.egg-info/entry_points.txt
writing requirements to ../../build/controllers/controllers.egg-info/requires.txt
writing top-level names to ../../build/controllers/controllers.egg-info/top_level.txt
reading manifest file '../../build/controllers/controllers.egg-info/SOURCES.txt'
writing manifest file '../../build/controllers/controllers.egg-info/SOURCES.txt'
running build
running build_py
running install
running install_lib
running install_data
running install_egg_info
removing '/home/labpc1/dflqp_unicycle_ws/install/controllers/lib/python3.12/site-packages/controllers-0.0.0-py3.12.egg-info' (and everything under it)
Copying ../../build/controllers/controllers.egg-info to /home/labpc1/dflqp_unicycle_ws/install/controllers/lib/python3.12/site-packages/controllers-0.0.0-py3.12.egg-info
running install_scripts
Installing dfl_qp_tracking script to /home/labpc1/dflqp_unicycle_ws/install/controllers/lib/controllers
Installing fblqp_controller script to /home/labpc1/dflqp_unicycle_ws/install/controllers/lib/controllers
Installing fblqp_controller_PP script to /home/labpc1/dflqp_unicycle_ws/install/controllers/lib/controllers
Installing std_dfl_tracking script to /home/labpc1/dflqp_unicycle_ws/install/controllers/lib/controllers
Installing tfbl_controller script to /home/labpc1/dflqp_unicycle_ws/install/controllers/lib/controllers
writing list of installed files to '/home/labpc1/dflqp_unicycle_ws/build/controllers/install.log'
