[0.648s] Invoking command in '/home/labpc1/dflqp_unicycle_ws/src/controllers': CONDA_PROMPT_MODIFIER=(base) DEBUGINFOD_URLS=https://debuginfod.ubuntu.com PYTHONPATH=/home/labpc1/dflqp_unicycle_ws/build/controllers/prefix_override:/usr/lib/python3/dist-packages/colcon_core/task/python/colcon_distutils_commands:/home/labpc1/dflqp_unicycle_ws/install/controllers/lib/python3.12/site-packages:${PYTHONPATH} /usr/bin/python3 -W ignore:setup.py install is deprecated -W ignore:easy_install command is deprecated setup.py egg_info --egg-base ../../build/controllers build --build-base /home/labpc1/dflqp_unicycle_ws/build/controllers/build install --record /home/labpc1/dflqp_unicycle_ws/build/controllers/install.log --single-version-externally-managed install_data
[0.857s] running egg_info
[0.873s] writing ../../build/controllers/controllers.egg-info/PKG-INFO
[0.873s] writing dependency_links to ../../build/controllers/controllers.egg-info/dependency_links.txt
[0.873s] writing entry points to ../../build/controllers/controllers.egg-info/entry_points.txt
[0.873s] writing requirements to ../../build/controllers/controllers.egg-info/requires.txt
[0.873s] writing top-level names to ../../build/controllers/controllers.egg-info/top_level.txt
[0.905s] reading manifest file '../../build/controllers/controllers.egg-info/SOURCES.txt'
[0.906s] writing manifest file '../../build/controllers/controllers.egg-info/SOURCES.txt'
[0.906s] running build
[0.906s] running build_py
[0.906s] running install
[0.911s] running install_lib
[0.928s] running install_data
[0.928s] running install_egg_info
[0.946s] removing '/home/labpc1/dflqp_unicycle_ws/install/controllers/lib/python3.12/site-packages/controllers-0.0.0-py3.12.egg-info' (and everything under it)
[0.946s] Copying ../../build/controllers/controllers.egg-info to /home/labpc1/dflqp_unicycle_ws/install/controllers/lib/python3.12/site-packages/controllers-0.0.0-py3.12.egg-info
[0.947s] running install_scripts
[1.052s] Installing dfl_qp_tracking script to /home/labpc1/dflqp_unicycle_ws/install/controllers/lib/controllers
[1.052s] Installing fblqp_controller script to /home/labpc1/dflqp_unicycle_ws/install/controllers/lib/controllers
[1.052s] Installing fblqp_controller_PP script to /home/labpc1/dflqp_unicycle_ws/install/controllers/lib/controllers
[1.052s] Installing std_dfl_tracking script to /home/labpc1/dflqp_unicycle_ws/install/controllers/lib/controllers
[1.052s] Installing tfbl_controller script to /home/labpc1/dflqp_unicycle_ws/install/controllers/lib/controllers
[1.053s] writing list of installed files to '/home/labpc1/dflqp_unicycle_ws/build/controllers/install.log'
[1.074s] Invoked command in '/home/labpc1/dflqp_unicycle_ws/src/controllers' returned '0': CONDA_PROMPT_MODIFIER=(base) DEBUGINFOD_URLS=https://debuginfod.ubuntu.com PYTHONPATH=/home/labpc1/dflqp_unicycle_ws/build/controllers/prefix_override:/usr/lib/python3/dist-packages/colcon_core/task/python/colcon_distutils_commands:/home/labpc1/dflqp_unicycle_ws/install/controllers/lib/python3.12/site-packages:${PYTHONPATH} /usr/bin/python3 -W ignore:setup.py install is deprecated -W ignore:easy_install command is deprecated setup.py egg_info --egg-base ../../build/controllers build --build-base /home/labpc1/dflqp_unicycle_ws/build/controllers/build install --record /home/labpc1/dflqp_unicycle_ws/build/controllers/install.log --single-version-externally-managed install_data
